<?xml version="1.0" encoding="UTF-8"?>
<!-- Generated by org.testng.reporters.JUnitXMLReporter -->
<testsuite hostname="Focus-QA-4" name="Command line test" tests="7" failures="2" timestamp="11 Jun 2019 15:55:13 GMT" time="137.813" errors="0">
  <testcase name="@AfterMethod afterMethodExecution" time="0.0" classname="com.focus.testcases.LoginPageTest">
    <failure type="org.openqa.selenium.WebDriverException" message="chrome not reachable
  (Session info: chrome=75.0.3770.80)
  (Driver info: chromedriver=2.46.628402 (536cd7adbad73a3783fdc2cab92ab2ba7ec361e1),platform=Windows NT 10.0.10586 x86_64) (WARNING: The server did not provide any stacktrace information)
Command duration or timeout: 0 milliseconds
Build info: version: &amp;apos;3.12.0&amp;apos;, revision: &amp;apos;7c6e0b3&amp;apos;, time: &amp;apos;2018-05-08T14:04:26.12Z&amp;apos;
System info: host: &amp;apos;FOCUS-QA-4&amp;apos;, ip: &amp;apos;192.168.5.29&amp;apos;, os.name: &amp;apos;Windows 10&amp;apos;, os.arch: &amp;apos;amd64&amp;apos;, os.version: &amp;apos;10.0&amp;apos;, java.version: &amp;apos;1.8.0_65&amp;apos;
Driver info: org.openqa.selenium.chrome.ChromeDriver
Capabilities {acceptInsecureCerts: false, acceptSslCerts: false, applicationCacheEnabled: false, browserConnectionEnabled: false, browserName: chrome, chrome: {chromedriverVersion: 2.46.628402 (536cd7adbad73a..., userDataDir: C:\Users\ADMINI~1.FOC\AppDa...}, cssSelectorsEnabled: true, databaseEnabled: false, goog:chromeOptions: {debuggerAddress: localhost:7148}, handlesAlerts: true, hasTouchScreen: false, javascriptEnabled: true, locationContextEnabled: true, mobileEmulationEnabled: false, nativeEvents: true, networkConnectionEnabled: false, pageLoadStrategy: normal, platform: XP, platformName: XP, proxy: Proxy(), rotatable: false, setWindowRect: true, strictFileInteractability: false, takesHeapSnapshot: true, takesScreenshot: true, timeouts: {implicit: 0, pageLoad: 300000, script: 30000}, unexpectedAlertBehaviour: ignore, unhandledPromptBehavior: ignore, version: 75.0.3770.80, webStorageEnabled: true}
Session ID: c858163d515a952378d366039713f0c7">
      <![CDATA[org.openqa.selenium.WebDriverException: chrome not reachable
  (Session info: chrome=75.0.3770.80)
  (Driver info: chromedriver=2.46.628402 (536cd7adbad73a3783fdc2cab92ab2ba7ec361e1),platform=Windows NT 10.0.10586 x86_64) (WARNING: The server did not provide any stacktrace information)
Command duration or timeout: 0 milliseconds
Build info: version: '3.12.0', revision: '7c6e0b3', time: '2018-05-08T14:04:26.12Z'
System info: host: 'FOCUS-QA-4', ip: '192.168.5.29', os.name: 'Windows 10', os.arch: 'amd64', os.version: '10.0', java.version: '1.8.0_65'
Driver info: org.openqa.selenium.chrome.ChromeDriver
Capabilities {acceptInsecureCerts: false, acceptSslCerts: false, applicationCacheEnabled: false, browserConnectionEnabled: false, browserName: chrome, chrome: {chromedriverVersion: 2.46.628402 (536cd7adbad73a..., userDataDir: C:\Users\ADMINI~1.FOC\AppDa...}, cssSelectorsEnabled: true, databaseEnabled: false, goog:chromeOptions: {debuggerAddress: localhost:7148}, handlesAlerts: true, hasTouchScreen: false, javascriptEnabled: true, locationContextEnabled: true, mobileEmulationEnabled: false, nativeEvents: true, networkConnectionEnabled: false, pageLoadStrategy: normal, platform: XP, platformName: XP, proxy: Proxy(), rotatable: false, setWindowRect: true, strictFileInteractability: false, takesHeapSnapshot: true, takesScreenshot: true, timeouts: {implicit: 0, pageLoad: 300000, script: 30000}, unexpectedAlertBehaviour: ignore, unhandledPromptBehavior: ignore, version: 75.0.3770.80, webStorageEnabled: true}
Session ID: c858163d515a952378d366039713f0c7
	at org.openqa.selenium.remote.ErrorHandler.createThrowable(ErrorHandler.java:214)
	at org.openqa.selenium.remote.ErrorHandler.throwIfResponseFailed(ErrorHandler.java:166)
	at org.openqa.selenium.remote.http.JsonHttpResponseCodec.reconstructValue(JsonHttpResponseCodec.java:40)
	at org.openqa.selenium.remote.http.AbstractHttpResponseCodec.decode(AbstractHttpResponseCodec.java:80)
	at org.openqa.selenium.remote.http.AbstractHttpResponseCodec.decode(AbstractHttpResponseCodec.java:44)
	at org.openqa.selenium.remote.HttpCommandExecutor.execute(HttpCommandExecutor.java:158)
	at org.openqa.selenium.remote.service.DriverCommandExecutor.execute(DriverCommandExecutor.java:83)
	at org.openqa.selenium.remote.RemoteWebDriver.execute(RemoteWebDriver.java:543)
	at org.openqa.selenium.remote.RemoteWebDriver.execute(RemoteWebDriver.java:600)
	at org.openqa.selenium.remote.RemoteWebDriver.getScreenshotAs(RemoteWebDriver.java:289)
	at com.focus.utilities.ScreenshotUtility.screenshot(ScreenshotUtility.java:19)
	at com.focus.base.BaseEngine.afterMethodExecution(BaseEngine.java:149)
... Removed 40 stack frames]]>
    </failure>
  </testcase> <!-- @AfterMethod afterMethodExecution -->
  <testcase name="@BeforeMethod beforeMethodExecution" time="0.0" classname="com.focus.testcases.CreateCompanyLoginTest">
    <skipped/>
  </testcase> <!-- @BeforeMethod beforeMethodExecution -->
  <testcase name="@AfterMethod afterMethodExecution" time="0.0" classname="com.focus.testcases.CreateCompanyLoginTest">
    <skipped/>
  </testcase> <!-- @AfterMethod afterMethodExecution -->
  <testcase name="@BeforeMethod beforeMethodExecution" time="0.0" classname="com.focus.testcases.HomeMenuSecurityCreateProfileTest">
    <skipped/>
  </testcase> <!-- @BeforeMethod beforeMethodExecution -->
  <testcase name="@AfterMethod afterMethodExecution" time="0.0" classname="com.focus.testcases.HomeMenuSecurityCreateProfileTest">
    <skipped/>
  </testcase> <!-- @AfterMethod afterMethodExecution -->
  <testcase name="@BeforeMethod beforeMethodExecution" time="0.0" classname="com.focus.testcases.HomeMenuSecurityCreateProfileTest">
    <skipped/>
  </testcase> <!-- @BeforeMethod beforeMethodExecution -->
  <testcase name="@AfterMethod afterMethodExecution" time="0.0" classname="com.focus.testcases.HomeMenuSecurityCreateProfileTest">
    <skipped/>
  </testcase> <!-- @AfterMethod afterMethodExecution -->
  <testcase name="@BeforeMethod beforeMethodExecution" time="0.0" classname="com.focus.testcases.HomeMenuSecurityCreateProfileTest">
    <skipped/>
  </testcase> <!-- @BeforeMethod beforeMethodExecution -->
  <testcase name="@AfterMethod afterMethodExecution" time="0.0" classname="com.focus.testcases.HomeMenuSecurityCreateProfileTest">
    <skipped/>
  </testcase> <!-- @AfterMethod afterMethodExecution -->
  <testcase name="@BeforeMethod beforeMethodExecution" time="0.0" classname="com.focus.testcases.HomeMenuSecurityCreateProfileTest">
    <skipped/>
  </testcase> <!-- @BeforeMethod beforeMethodExecution -->
  <testcase name="@AfterMethod afterMethodExecution" time="0.0" classname="com.focus.testcases.HomeMenuSecurityCreateProfileTest">
    <skipped/>
  </testcase> <!-- @AfterMethod afterMethodExecution -->
  <testcase name="@AfterTest generateReports" time="0.0" classname="com.focus.testcases.CreateCompanyLoginTest">
    <skipped/>
  </testcase> <!-- @AfterTest generateReports -->
  <testcase name="enterUrl" time="75.938" classname="com.focus.testcases.LoginPageTest">
    <failure type="java.lang.AssertionError" message="expected [Focus] but found [Unable to make the session state request to the session state server. Please ensure that the ASP.NET State service is started and that the client and server ports are the same.  If the server is on a remote machine, please ensure that it accepts remote requests by checking the value of HKEY_LOCAL_MACHINE\SYSTEM\CurrentControlSet\Services\aspnet_state\Parameters\AllowRemoteConnection.  If the server is on the local machine, and if the before mentioned registry value does not exist or is set to 0, then the state server connection string must use either &amp;apos;localhost&amp;apos; or &amp;apos;127.0.0.1&amp;apos; as the server name.]">
      <![CDATA[java.lang.AssertionError: expected [Focus] but found [Unable to make the session state request to the session state server. Please ensure that the ASP.NET State service is started and that the client and server ports are the same.  If the server is on a remote machine, please ensure that it accepts remote requests by checking the value of HKEY_LOCAL_MACHINE\SYSTEM\CurrentControlSet\Services\aspnet_state\Parameters\AllowRemoteConnection.  If the server is on the local machine, and if the before mentioned registry value does not exist or is set to 0, then the state server connection string must use either 'localhost' or '127.0.0.1' as the server name.]
	at com.focus.testcases.LoginPageTest.enterUrl(LoginPageTest.java:41)
... Removed 40 stack frames]]>
    </failure>
  </testcase> <!-- enterUrl -->
  <testcase name="verifyTheAvaibilityOfFieldsInLoginScreen" time="56.52" classname="com.focus.testcases.LoginPageTest">
    <failure type="java.lang.NullPointerException">
      <![CDATA[java.lang.NullPointerException
	at org.openqa.selenium.support.pagefactory.internal.LocatingElementHandler.invoke(LocatingElementHandler.java:51)
	at com.sun.proxy.$Proxy13.toString(Unknown Source)
	at java.lang.String.valueOf(String.java:2994)
	at java.lang.StringBuilder.append(StringBuilder.java:131)
	at org.openqa.selenium.support.ui.ExpectedConditions$10.toString(ExpectedConditions.java:306)
	at java.lang.String.valueOf(String.java:2994)
	at java.lang.StringBuilder.append(StringBuilder.java:131)
	at org.openqa.selenium.support.ui.FluentWait.until(FluentWait.java:267)
	at com.focus.Pages.LoginPage.verifyAvailablityOfFields(LoginPage.java:126)
	at com.focus.testcases.LoginPageTest.verifyTheAvaibilityOfFieldsInLoginScreen(LoginPageTest.java:51)
... Removed 38 stack frames]]>
    </failure>
  </testcase> <!-- verifyTheAvaibilityOfFieldsInLoginScreen -->
  <testcase name="verifyValidLoginTest" time="0.003" classname="com.focus.testcases.CreateCompanyLoginTest">
    <skipped/>
  </testcase> <!-- verifyValidLoginTest -->
  <testcase name="verifyCreateProfilePage" time="0.001" classname="com.focus.testcases.HomeMenuSecurityCreateProfileTest">
    <skipped/>
  </testcase> <!-- verifyCreateProfilePage -->
  <testcase name="verifySavedProfile" time="0.0" classname="com.focus.testcases.HomeMenuSecurityCreateProfileTest">
    <skipped/>
  </testcase> <!-- verifySavedProfile -->
  <testcase name="verifyOpenCompany" time="0.0" classname="com.focus.testcases.HomeMenuSecurityCreateProfileTest">
    <skipped/>
  </testcase> <!-- verifyOpenCompany -->
  <testcase name="verifyOpenCompanyMenuRestrcition" time="0.001" classname="com.focus.testcases.HomeMenuSecurityCreateProfileTest">
    <skipped/>
  </testcase> <!-- verifyOpenCompanyMenuRestrcition -->
</testsuite> <!-- Command line test -->
