<?xml version="1.0" encoding="UTF-8"?>
<!-- Generated by org.testng.reporters.JUnitXMLReporter -->
<testsuite hostname="FOCUS-QA-118" name="Test" tests="75" failures="6" timestamp="29 Dec 2022 06:36:16 GMT" time="3563.415" errors="0">
  <testcase name="verifyBrowserOpen" time="10.084" classname="com.focus.testcases.URLBrowserTest"/>
  <testcase name="checkLoginPageTitleByURLInputInBrowser" time="6.118" classname="com.focus.testcases.URLBrowserTest"/>
  <testcase name="checkLogin" time="13.634" classname="com.focus.testcases.FooterValuesAndBarcodeValidationTest"/>
  <testcase name="checkSavingSalesInvoiceNewVoucherWithRow1InBodyGrid" time="148.941" classname="com.focus.testcases.FooterValuesAndBarcodeValidationTest"/>
  <testcase name="checkEditingSavedSalesNewVoucherByAddingRow2" time="128.57" classname="com.focus.testcases.FooterValuesAndBarcodeValidationTest"/>
  <testcase name="checkEditingSavedSalesNewVoucherWithIgstValueDeduction" time="209.622" classname="com.focus.testcases.FooterValuesAndBarcodeValidationTest"/>
  <testcase name="checkSaveSalesInvoiceNewVoucherWithDecimalValueRates" time="202.592" classname="com.focus.testcases.FooterValuesAndBarcodeValidationTest"/>
  <testcase name="checkFieldPostToAccountInPurchaseVouchers" time="49.512" classname="com.focus.testcases.FooterValuesAndBarcodeValidationTest"/>
  <testcase name="checksavePurchaseVouchers" time="101.275" classname="com.focus.testcases.FooterValuesAndBarcodeValidationTest">
    <failure type="java.lang.AssertionError" message="expected [true] but found [false]">
      <![CDATA[java.lang.AssertionError: expected [true] but found [false]
	at com.focus.testcases.FooterValuesAndBarcodeValidationTest.checksavePurchaseVouchers(FooterValuesAndBarcodeValidationTest.java:75)
... Removed 30 stack frames]]>
    </failure>
  </testcase> <!-- checksavePurchaseVouchers -->
  <testcase name="checkDefinedStandardRateForSTDItem" time="23.812" classname="com.focus.testcases.FooterValuesAndBarcodeValidationTest"/>
  <testcase name="checkPurchaseVarianceInPostingDetailsForSTDItem" time="80.728" classname="com.focus.testcases.FooterValuesAndBarcodeValidationTest"/>
  <testcase name="checkPurchaseVarianceInPostingDeatilsByGivingExactStandardRate" time="69.672" classname="com.focus.testcases.FooterValuesAndBarcodeValidationTest"/>
  <testcase name="checkAvailableOptionsBarCodeDefinition" time="19.031" classname="com.focus.testcases.FooterValuesAndBarcodeValidationTest"/>
  <testcase name="checkSaveBarcodeDefinitionWithoutTemplateName" time="2.762" classname="com.focus.testcases.FooterValuesAndBarcodeValidationTest"/>
  <testcase name="checksaveDefinitionWithoutSelectingFields" time="3.067" classname="com.focus.testcases.FooterValuesAndBarcodeValidationTest"/>
  <testcase name="checkSaveBarcodeDefinitionWithAllInputs" time="70.844" classname="com.focus.testcases.FooterValuesAndBarcodeValidationTest"/>
  <testcase name="checkCreateNewMRNVoucher" time="44.052" classname="com.focus.testcases.FooterValuesAndBarcodeValidationTest"/>
  <testcase name="checkSaveBarcodeVoucherWithBatchItem" time="116.753" classname="com.focus.testcases.FooterValuesAndBarcodeValidationTest"/>
  <testcase name="checkCreateLayoutForBarCode" time="205.895" classname="com.focus.testcases.FooterValuesAndBarcodeValidationTest"/>
  <testcase name="checkChangeFieldPropertiesInBarcodeLayout" time="82.932" classname="com.focus.testcases.FooterValuesAndBarcodeValidationTest"/>
  <testcase name="checkPrintBarcodePopupFields" time="12.003" classname="com.focus.testcases.FooterValuesAndBarcodeValidationTest">
    <failure type="java.lang.AssertionError" message="expected [true] but found [false]">
      <![CDATA[java.lang.AssertionError: expected [true] but found [false]
	at com.focus.testcases.FooterValuesAndBarcodeValidationTest.checkPrintBarcodePopupFields(FooterValuesAndBarcodeValidationTest.java:166)
... Removed 30 stack frames]]>
    </failure>
  </testcase> <!-- checkPrintBarcodePopupFields -->
  <testcase name="checkPrintBarcodeIntoPDFandValidatePDF" time="13.634" classname="com.focus.testcases.FooterValuesAndBarcodeValidationTest">
    <failure type="java.lang.IndexOutOfBoundsException" message="Index: 1, Size: 1">
      <![CDATA[java.lang.IndexOutOfBoundsException: Index: 1, Size: 1
	at java.util.ArrayList.rangeCheck(Unknown Source)
	at java.util.ArrayList.get(Unknown Source)
	at com.focus.Pages.VoucherPrintOptionsPage.checkPrintBarcodeIntoPDFandValidatePDF(VoucherPrintOptionsPage.java:36013)
	at com.focus.testcases.FooterValuesAndBarcodeValidationTest.checkPrintBarcodeIntoPDFandValidatePDF(FooterValuesAndBarcodeValidationTest.java:173)
... Removed 24 stack frames]]>
    </failure>
  </testcase> <!-- checkPrintBarcodeIntoPDFandValidatePDF -->
  <testcase name="checkPrintBarcodePrintingWithManualQuantityPick" time="28.0" classname="com.focus.testcases.FooterValuesAndBarcodeValidationTest"/>
  <testcase name="checkPrintBarcodePrintingWithItemSelection" time="29.251" classname="com.focus.testcases.FooterValuesAndBarcodeValidationTest">
    <failure type="java.lang.AssertionError" message="expected [true] but found [false]">
      <![CDATA[java.lang.AssertionError: expected [true] but found [false]
	at com.focus.testcases.FooterValuesAndBarcodeValidationTest.checkPrintBarcodePrintingWithItemSelection(FooterValuesAndBarcodeValidationTest.java:187)
... Removed 30 stack frames]]>
    </failure>
  </testcase> <!-- checkPrintBarcodePrintingWithItemSelection -->
  <testcase name="checkBarcodeIsbeenScannedInDeliveryNotesVoucher" time="137.247" classname="com.focus.testcases.FooterValuesAndBarcodeValidationTest"/>
  <testcase name="checkCreateProfileWithHomeFinancialsReportRestrictions" time="61.023" classname="com.focus.testcases.FooterValuesAndBarcodeValidationTest"/>
  <testcase name="checkSavedProfileWithUnselectedRestrictions" time="60.219" classname="com.focus.testcases.FooterValuesAndBarcodeValidationTest"/>
  <testcase name="checkSaveRoleWithCreatedProfileForRestrictions" time="22.161" classname="com.focus.testcases.FooterValuesAndBarcodeValidationTest"/>
  <testcase name="checkUserCreationForCreatedRoleForRestrictions" time="17.259" classname="com.focus.testcases.FooterValuesAndBarcodeValidationTest"/>
  <testcase name="checkLogoutAndLogoutWithCrestedUser" time="43.66" classname="com.focus.testcases.FooterValuesAndBarcodeValidationTest"/>
  <testcase name="checkMenuSelectedInProfileAreReflectingInUserLevel" time="2.321" classname="com.focus.testcases.FooterValuesAndBarcodeValidationTest"/>
  <testcase name="checkValidateAccountVisibilityInUserLevel" time="2.643" classname="com.focus.testcases.FooterValuesAndBarcodeValidationTest"/>
  <testcase name="checkPurchaseVoucherVATVisibilityInPurchasesMenuInUserLevel" time="3.612" classname="com.focus.testcases.FooterValuesAndBarcodeValidationTest"/>
  <testcase name="checkStockLedgerVisibilityInReports" time="1.214" classname="com.focus.testcases.FooterValuesAndBarcodeValidationTest">
    <failure type="java.lang.AssertionError" message="expected [true] but found [false]">
      <![CDATA[java.lang.AssertionError: expected [true] but found [false]
	at com.focus.testcases.FooterValuesAndBarcodeValidationTest.checkStockLedgerVisibilityInReports(FooterValuesAndBarcodeValidationTest.java:256)
... Removed 30 stack frames]]>
    </failure>
  </testcase> <!-- checkStockLedgerVisibilityInReports -->
  <testcase name="checkLogoutAndLoginWithSU" time="23.142" classname="com.focus.testcases.FooterValuesAndBarcodeValidationTest"/>
  <testcase name="checkGiveAccessandShowHomePageAccessToAccountInTestRestrictionProfile" time="65.747" classname="com.focus.testcases.FooterValuesAndBarcodeValidationTest"/>
  <testcase name="checkGiveAccessandShowHomePageAccessToPVVATInTestRestrictionProfile" time="72.031" classname="com.focus.testcases.FooterValuesAndBarcodeValidationTest"/>
  <testcase name="checkGiveAccessandShowHomePageAccessToStockLedgerInUserLevel" time="59.397" classname="com.focus.testcases.FooterValuesAndBarcodeValidationTest"/>
  <testcase name="checkLogoutAndLogoutWithCrestedUserAfterGivingPermissionsForProfile" time="21.878" classname="com.focus.testcases.FooterValuesAndBarcodeValidationTest"/>
  <testcase name="checkValidateAccountAccessInUserLevel" time="82.141" classname="com.focus.testcases.FooterValuesAndBarcodeValidationTest"/>
  <testcase name="checKValidatePurchaseVoucherVATRestrictionInUserLevel" time="18.694" classname="com.focus.testcases.FooterValuesAndBarcodeValidationTest"/>
  <testcase name="checkValidateStockLedgerReportRestrictionInUserLevel" time="6.495" classname="com.focus.testcases.FooterValuesAndBarcodeValidationTest"/>
  <testcase name="checkLogoutAndLoginWithSUForAccessRights" time="25.148" classname="com.focus.testcases.FooterValuesAndBarcodeValidationTest"/>
  <testcase name="checkEnableAllAccessightsInAccountForTestRestrictionProfile" time="43.318" classname="com.focus.testcases.FooterValuesAndBarcodeValidationTest"/>
  <testcase name="checkEnablePurchaseVoucherVatAccessRightsForSavingVoucher" time="46.853" classname="com.focus.testcases.FooterValuesAndBarcodeValidationTest"/>
  <testcase name="checkEnableStockLedgerAccessRightsForAccessingReports" time="41.755" classname="com.focus.testcases.FooterValuesAndBarcodeValidationTest"/>
  <testcase name="checkLogoutAndLogoutWithCrestedUserAfterGivingPermissionsForAccount" time="21.572" classname="com.focus.testcases.FooterValuesAndBarcodeValidationTest"/>
  <testcase name="checkToolsOptionsAccountsMenu" time="4.271" classname="com.focus.testcases.FooterValuesAndBarcodeValidationTest"/>
  <testcase name="checkOtherToolsOptionsAccountsMenu" time="5.973" classname="com.focus.testcases.FooterValuesAndBarcodeValidationTest"/>
  <testcase name="checkSaveAccountAfterAccessingRights" time="9.955" classname="com.focus.testcases.FooterValuesAndBarcodeValidationTest"/>
  <testcase name="checkSavePurchaseVoucherVAT" time="69.998" classname="com.focus.testcases.FooterValuesAndBarcodeValidationTest"/>
  <testcase name="checkSavedPurchaseVoucherVATForCopyPastePostingDetailsSettingsDeleteDoc" time="20.641" classname="com.focus.testcases.FooterValuesAndBarcodeValidationTest"/>
  <testcase name="checkSettingsBtnDeleteBtnnUserLevel" time="25.227" classname="com.focus.testcases.FooterValuesAndBarcodeValidationTest"/>
  <testcase name="checkStockLedgerAfterAccessingRights" time="12.959" classname="com.focus.testcases.FooterValuesAndBarcodeValidationTest"/>
  <testcase name="checkPrintOptionInUserLevel" time="19.823" classname="com.focus.testcases.FooterValuesAndBarcodeValidationTest"/>
  <testcase name="checkLogoutAndLoginWithSUForAccessRightsInPVVAT" time="25.663" classname="com.focus.testcases.FooterValuesAndBarcodeValidationTest"/>
  <testcase name="checkEnableRestOfTheAccessRightInPvVAT" time="62.625" classname="com.focus.testcases.FooterValuesAndBarcodeValidationTest"/>
  <testcase name="checkEnableRestOfTheRightsInStockLedger" time="46.762" classname="com.focus.testcases.FooterValuesAndBarcodeValidationTest"/>
  <testcase name="checkLogoutAndLogoutWithCreatedUserForValidations" time="21.834" classname="com.focus.testcases.FooterValuesAndBarcodeValidationTest"/>
  <testcase name="checkValidateEnabledRightsInProfileInUserLevel" time="34.666" classname="com.focus.testcases.FooterValuesAndBarcodeValidationTest"/>
  <testcase name="checkSuspendVoucherandEditSuspendedVoucher" time="35.81" classname="com.focus.testcases.FooterValuesAndBarcodeValidationTest"/>
  <testcase name="checkPostingDetailsAndCopyToClipBoardOptionsInPVVAT" time="37.818" classname="com.focus.testcases.FooterValuesAndBarcodeValidationTest"/>
  <testcase name="checkSavePrintLayoutAndPrintOptionInOutputOptions" time="157.728" classname="com.focus.testcases.FooterValuesAndBarcodeValidationTest"/>
  <testcase name="checkStockLedgerIconsInUserLevelandValidateAnalyzeReport" time="6.384" classname="com.focus.testcases.FooterValuesAndBarcodeValidationTest">
    <failure type="java.lang.AssertionError" message="expected [true] but found [false]">
      <![CDATA[java.lang.AssertionError: expected [true] but found [false]
	at com.focus.testcases.FooterValuesAndBarcodeValidationTest.checkStockLedgerIconsInUserLevelandValidateAnalyzeReport(FooterValuesAndBarcodeValidationTest.java:480)
... Removed 30 stack frames]]>
    </failure>
  </testcase> <!-- checkStockLedgerIconsInUserLevelandValidateAnalyzeReport -->
  <testcase name="checkAnalyzeStockLedgerInUserLevel" time="64.924" classname="com.focus.testcases.FooterValuesAndBarcodeValidationTest"/>
  <testcase name="checkLoadAnalysisReport" time="11.7" classname="com.focus.testcases.FooterValuesAndBarcodeValidationTest"/>
  <testcase name="checkFilterOptionInStockLedger" time="31.848" classname="com.focus.testcases.FooterValuesAndBarcodeValidationTest"/>
  <testcase name="checkLogoutAndLoginWithSUForUserCreation" time="23.819" classname="com.focus.testcases.FooterValuesAndBarcodeValidationTest"/>
  <testcase name="CheckCreateUserInSU" time="20.257" classname="com.focus.testcases.FooterValuesAndBarcodeValidationTest"/>
  <testcase name="checkSaveExcessInStocksVoucher" time="59.611" classname="com.focus.testcases.FooterValuesAndBarcodeValidationTest"/>
  <testcase name="checkPrintFromExcessInStockVoucherTransaction" time="68.938" classname="com.focus.testcases.FooterValuesAndBarcodeValidationTest"/>
  <testcase name="checkLogoutAndLoginWithTestUser" time="21.991" classname="com.focus.testcases.FooterValuesAndBarcodeValidationTest"/>
  <testcase name="checkVoucherSavedBySUIsVisibleInTestUser" time="13.267" classname="com.focus.testcases.FooterValuesAndBarcodeValidationTest"/>
  <testcase name="checkSaveExcessInStocksInUserLevel" time="54.019" classname="com.focus.testcases.FooterValuesAndBarcodeValidationTest"/>
  <testcase name="checkPrintInExcessStocksInUserLevel" time="41.0" classname="com.focus.testcases.FooterValuesAndBarcodeValidationTest"/>
</testsuite> <!-- Test -->
