<?xml version="1.0" encoding="UTF-8"?>
<testng-results skipped="5" failed="1" total="6" passed="0">
  <reporter-output>
    <line>
      <![CDATA[About to begin executing Suite Default suite]]>
    </line>
    <line>
      <![CDATA[About to begin executing following method : BaseEngine.openBrowser]]>
    </line>
    <line>
      <![CDATA[Completed executing following method : BaseEngine.openBrowser]]>
    </line>
    <line>
      <![CDATA[About to begin executing Test Default test]]>
    </line>
    <line>
      <![CDATA[About to begin executing following method : BaseEngine.intialiseReports]]>
    </line>
    <line>
      <![CDATA[Completed executing following method : BaseEngine.intialiseReports]]>
    </line>
    <line>
      <![CDATA[About to begin executing following method : BaseEngine.beforeMethodExecution]]>
    </line>
    <line>
      <![CDATA[Completed executing following method : BaseEngine.beforeMethodExecution]]>
    </line>
    <line>
      <![CDATA[About to begin executing following method : HomeMenuSecurityCreateProfileTest.verifyCreateProfilePage]]>
    </line>
    <line>
      <![CDATA[Completed executing following method : HomeMenuSecurityCreateProfileTest.verifyCreateProfilePage]]>
    </line>
    <line>
      <![CDATA[Test Method resides in com.focus.testcases.HomeMenuSecurityCreateProfileTest]]>
    </line>
    <line>
      <![CDATA[Test Status: Failed]]>
    </line>
    <line>
      <![CDATA[About to begin executing following method : BaseEngine.afterMethodExecution]]>
    </line>
    <line>
      <![CDATA[Completed executing following method : BaseEngine.afterMethodExecution]]>
    </line>
  </reporter-output>
  <suite name="Default suite" duration-ms="18996" started-at="2019-05-27T05:58:34Z" finished-at="2019-05-27T05:58:53Z">
    <groups>
    </groups>
    <test name="Default test" duration-ms="18996" started-at="2019-05-27T05:58:34Z" finished-at="2019-05-27T05:58:53Z">
      <class name="com.focus.testcases.HomeMenuSecurityCreateProfileTest">
        <test-method status="PASS" signature="openBrowser(java.lang.String)[pri:0, instance:com.focus.testcases.HomeMenuSecurityCreateProfileTest@3632be31]" name="openBrowser" is-config="true" duration-ms="3813" started-at="2019-05-27T11:28:30Z" finished-at="2019-05-27T11:28:34Z">
          <params>
            <param index="0">
              <value>
                <![CDATA[chrome]]>
              </value>
            </param>
          </params>
          <reporter-output>
            <line>
              <![CDATA[Completed executing following method : BaseEngine.openBrowser]]>
            </line>
          </reporter-output>
        </test-method> <!-- openBrowser -->
        <test-method status="PASS" signature="intialiseReports()[pri:0, instance:com.focus.testcases.HomeMenuSecurityCreateProfileTest@3632be31]" name="intialiseReports" is-config="true" duration-ms="156" started-at="2019-05-27T11:28:34Z" finished-at="2019-05-27T11:28:34Z">
          <reporter-output>
            <line>
              <![CDATA[Completed executing following method : BaseEngine.intialiseReports]]>
            </line>
          </reporter-output>
        </test-method> <!-- intialiseReports -->
        <test-method status="PASS" signature="beforeMethodExecution(java.lang.reflect.Method)[pri:0, instance:com.focus.testcases.HomeMenuSecurityCreateProfileTest@3632be31]" name="beforeMethodExecution" is-config="true" duration-ms="15" started-at="2019-05-27T11:28:34Z" finished-at="2019-05-27T11:28:34Z">
          <params>
            <param index="0">
              <value>
                <![CDATA[public static void com.focus.testcases.HomeMenuSecurityCreateProfileTest.verifyCreateProfilePage()]]>
              </value>
            </param>
          </params>
          <reporter-output>
            <line>
              <![CDATA[Completed executing following method : BaseEngine.beforeMethodExecution]]>
            </line>
          </reporter-output>
        </test-method> <!-- beforeMethodExecution -->
        <test-method status="FAIL" signature="verifyCreateProfilePage()[pri:116, instance:com.focus.testcases.HomeMenuSecurityCreateProfileTest@3632be31]" name="verifyCreateProfilePage" duration-ms="18606" started-at="2019-05-27T11:28:34Z" finished-at="2019-05-27T11:28:52Z">
          <exception class="java.lang.NullPointerException">
            <full-stacktrace>
              <![CDATA[java.lang.NullPointerException
	at sun.reflect.NativeMethodAccessorImpl.invoke0(Native Method)
	at sun.reflect.NativeMethodAccessorImpl.invoke(NativeMethodAccessorImpl.java:62)
	at sun.reflect.DelegatingMethodAccessorImpl.invoke(DelegatingMethodAccessorImpl.java:43)
	at java.lang.reflect.Method.invoke(Method.java:497)
	at org.openqa.selenium.support.pagefactory.internal.LocatingElementHandler.invoke(LocatingElementHandler.java:51)
	at com.sun.proxy.$Proxy16.isDisplayed(Unknown Source)
	at org.openqa.selenium.support.ui.ExpectedConditions.elementIfVisible(ExpectedConditions.java:315)
	at org.openqa.selenium.support.ui.ExpectedConditions.access$100(ExpectedConditions.java:44)
	at org.openqa.selenium.support.ui.ExpectedConditions$10.apply(ExpectedConditions.java:301)
	at org.openqa.selenium.support.ui.ExpectedConditions$10.apply(ExpectedConditions.java:298)
	at org.openqa.selenium.support.ui.ExpectedConditions$23.apply(ExpectedConditions.java:686)
	at org.openqa.selenium.support.ui.ExpectedConditions$23.apply(ExpectedConditions.java:682)
	at org.openqa.selenium.support.ui.FluentWait.until(FluentWait.java:248)
	at com.focus.Pages.HomeMenuSecurityCreateProfilePage.navigateToCreateProfileSubMenu(HomeMenuSecurityCreateProfilePage.java:166)
	at com.focus.testcases.HomeMenuSecurityCreateProfileTest.verifyCreateProfilePage(HomeMenuSecurityCreateProfileTest.java:23)
	at sun.reflect.NativeMethodAccessorImpl.invoke0(Native Method)
	at sun.reflect.NativeMethodAccessorImpl.invoke(NativeMethodAccessorImpl.java:62)
	at sun.reflect.DelegatingMethodAccessorImpl.invoke(DelegatingMethodAccessorImpl.java:43)
	at java.lang.reflect.Method.invoke(Method.java:497)
	at org.testng.internal.MethodInvocationHelper.invokeMethod(MethodInvocationHelper.java:86)
	at org.testng.internal.Invoker.invokeMethod(Invoker.java:643)
	at org.testng.internal.Invoker.invokeTestMethod(Invoker.java:820)
	at org.testng.internal.Invoker.invokeTestMethods(Invoker.java:1128)
	at org.testng.internal.TestMethodWorker.invokeTestMethods(TestMethodWorker.java:129)
	at org.testng.internal.TestMethodWorker.run(TestMethodWorker.java:112)
	at org.testng.TestRunner.privateRun(TestRunner.java:782)
	at org.testng.TestRunner.run(TestRunner.java:632)
	at org.testng.SuiteRunner.runTest(SuiteRunner.java:366)
	at org.testng.SuiteRunner.runSequentially(SuiteRunner.java:361)
	at org.testng.SuiteRunner.privateRun(SuiteRunner.java:319)
	at org.testng.SuiteRunner.run(SuiteRunner.java:268)
	at org.testng.SuiteRunnerWorker.runSuite(SuiteRunnerWorker.java:52)
	at org.testng.SuiteRunnerWorker.run(SuiteRunnerWorker.java:86)
	at org.testng.TestNG.runSuitesSequentially(TestNG.java:1244)
	at org.testng.TestNG.runSuitesLocally(TestNG.java:1169)
	at org.testng.TestNG.run(TestNG.java:1064)
	at org.testng.remote.AbstractRemoteTestNG.run(AbstractRemoteTestNG.java:114)
	at org.testng.remote.RemoteTestNG.initAndRun(RemoteTestNG.java:251)
	at org.testng.remote.RemoteTestNG.main(RemoteTestNG.java:77)
]]>
            </full-stacktrace>
          </exception> <!-- java.lang.NullPointerException -->
          <reporter-output>
            <line>
              <![CDATA[Completed executing following method : HomeMenuSecurityCreateProfileTest.verifyCreateProfilePage]]>
            </line>
            <line>
              <![CDATA[Test Method resides in com.focus.testcases.HomeMenuSecurityCreateProfileTest]]>
            </line>
            <line>
              <![CDATA[Test Status: Failed]]>
            </line>
            <line>
              <![CDATA[About to begin executing following method : BaseEngine.afterMethodExecution]]>
            </line>
          </reporter-output>
        </test-method> <!-- verifyCreateProfilePage -->
        <test-method status="FAIL" signature="afterMethodExecution(org.testng.ITestResult)[pri:0, instance:com.focus.testcases.HomeMenuSecurityCreateProfileTest@3632be31]" name="afterMethodExecution" is-config="true" duration-ms="0" started-at="2019-05-27T11:28:52Z" finished-at="2019-05-27T11:28:52Z">
          <params>
            <param index="0">
              <value>
                <![CDATA[[TestResult name=verifyCreateProfilePage status=FAILURE method=HomeMenuSecurityCreateProfileTest.verifyCreateProfilePage()[pri:116, instance:com.focus.testcases.HomeMenuSecurityCreateProfileTest@3632be31] output=Completed executing following method : HomeMenuSecurityCreateProfileTest.verifyCreateProfilePage]]]>
              </value>
            </param>
          </params>
          <exception class="org.openqa.selenium.NoSuchWindowException">
            <message>
              <![CDATA[no such window: target window already closed
from unknown error: web view not found
  (Session info: chrome=74.0.3729.169)
  (Driver info: chromedriver=2.46.628402 (536cd7adbad73a3783fdc2cab92ab2ba7ec361e1),platform=Windows NT 10.0.10586 x86_64) (WARNING: The server did not provide any stacktrace information)
Command duration or timeout: 0 milliseconds
Build info: version: '3.12.0', revision: '7c6e0b3', time: '2018-05-08T14:04:26.12Z'
System info: host: 'FOCUS-QA-4', ip: '192.168.5.29', os.name: 'Windows 10', os.arch: 'amd64', os.version: '10.0', java.version: '1.8.0_65'
Driver info: org.openqa.selenium.chrome.ChromeDriver
Capabilities {acceptInsecureCerts: false, acceptSslCerts: false, applicationCacheEnabled: false, browserConnectionEnabled: false, browserName: chrome, chrome: {chromedriverVersion: 2.46.628402 (536cd7adbad73a..., userDataDir: C:\Users\ADMINI~1.FOC\AppDa...}, cssSelectorsEnabled: true, databaseEnabled: false, goog:chromeOptions: {debuggerAddress: localhost:29702}, handlesAlerts: true, hasTouchScreen: false, javascriptEnabled: true, locationContextEnabled: true, mobileEmulationEnabled: false, nativeEvents: true, networkConnectionEnabled: false, pageLoadStrategy: normal, platform: XP, platformName: XP, proxy: Proxy(), rotatable: false, setWindowRect: true, strictFileInteractability: false, takesHeapSnapshot: true, takesScreenshot: true, timeouts: {implicit: 0, pageLoad: 300000, script: 30000}, unexpectedAlertBehaviour: ignore, unhandledPromptBehavior: ignore, version: 74.0.3729.169, webStorageEnabled: true}
Session ID: 953be9ba3bd62221eb2bf177dbd8aea8]]>
            </message>
            <full-stacktrace>
              <![CDATA[org.openqa.selenium.NoSuchWindowException: no such window: target window already closed
from unknown error: web view not found
  (Session info: chrome=74.0.3729.169)
  (Driver info: chromedriver=2.46.628402 (536cd7adbad73a3783fdc2cab92ab2ba7ec361e1),platform=Windows NT 10.0.10586 x86_64) (WARNING: The server did not provide any stacktrace information)
Command duration or timeout: 0 milliseconds
Build info: version: '3.12.0', revision: '7c6e0b3', time: '2018-05-08T14:04:26.12Z'
System info: host: 'FOCUS-QA-4', ip: '192.168.5.29', os.name: 'Windows 10', os.arch: 'amd64', os.version: '10.0', java.version: '1.8.0_65'
Driver info: org.openqa.selenium.chrome.ChromeDriver
Capabilities {acceptInsecureCerts: false, acceptSslCerts: false, applicationCacheEnabled: false, browserConnectionEnabled: false, browserName: chrome, chrome: {chromedriverVersion: 2.46.628402 (536cd7adbad73a..., userDataDir: C:\Users\ADMINI~1.FOC\AppDa...}, cssSelectorsEnabled: true, databaseEnabled: false, goog:chromeOptions: {debuggerAddress: localhost:29702}, handlesAlerts: true, hasTouchScreen: false, javascriptEnabled: true, locationContextEnabled: true, mobileEmulationEnabled: false, nativeEvents: true, networkConnectionEnabled: false, pageLoadStrategy: normal, platform: XP, platformName: XP, proxy: Proxy(), rotatable: false, setWindowRect: true, strictFileInteractability: false, takesHeapSnapshot: true, takesScreenshot: true, timeouts: {implicit: 0, pageLoad: 300000, script: 30000}, unexpectedAlertBehaviour: ignore, unhandledPromptBehavior: ignore, version: 74.0.3729.169, webStorageEnabled: true}
Session ID: 953be9ba3bd62221eb2bf177dbd8aea8
	at sun.reflect.NativeConstructorAccessorImpl.newInstance0(Native Method)
	at sun.reflect.NativeConstructorAccessorImpl.newInstance(NativeConstructorAccessorImpl.java:62)
	at sun.reflect.DelegatingConstructorAccessorImpl.newInstance(DelegatingConstructorAccessorImpl.java:45)
	at java.lang.reflect.Constructor.newInstance(Constructor.java:422)
	at org.openqa.selenium.remote.ErrorHandler.createThrowable(ErrorHandler.java:214)
	at org.openqa.selenium.remote.ErrorHandler.throwIfResponseFailed(ErrorHandler.java:166)
	at org.openqa.selenium.remote.http.JsonHttpResponseCodec.reconstructValue(JsonHttpResponseCodec.java:40)
	at org.openqa.selenium.remote.http.AbstractHttpResponseCodec.decode(AbstractHttpResponseCodec.java:80)
	at org.openqa.selenium.remote.http.AbstractHttpResponseCodec.decode(AbstractHttpResponseCodec.java:44)
	at org.openqa.selenium.remote.HttpCommandExecutor.execute(HttpCommandExecutor.java:158)
	at org.openqa.selenium.remote.service.DriverCommandExecutor.execute(DriverCommandExecutor.java:83)
	at org.openqa.selenium.remote.RemoteWebDriver.execute(RemoteWebDriver.java:543)
	at org.openqa.selenium.remote.RemoteWebDriver.execute(RemoteWebDriver.java:600)
	at org.openqa.selenium.remote.RemoteWebDriver.getScreenshotAs(RemoteWebDriver.java:289)
	at com.focus.utilities.ScreenshotUtility.screenshot(ScreenshotUtility.java:19)
	at com.focus.base.BaseEngine.afterMethodExecution(BaseEngine.java:148)
	at sun.reflect.NativeMethodAccessorImpl.invoke0(Native Method)
	at sun.reflect.NativeMethodAccessorImpl.invoke(NativeMethodAccessorImpl.java:62)
	at sun.reflect.DelegatingMethodAccessorImpl.invoke(DelegatingMethodAccessorImpl.java:43)
	at java.lang.reflect.Method.invoke(Method.java:497)
	at org.testng.internal.MethodInvocationHelper.invokeMethod(MethodInvocationHelper.java:86)
	at org.testng.internal.Invoker.invokeConfigurationMethod(Invoker.java:514)
	at org.testng.internal.Invoker.invokeConfigurations(Invoker.java:215)
	at org.testng.internal.Invoker.invokeMethod(Invoker.java:707)
	at org.testng.internal.Invoker.invokeTestMethod(Invoker.java:820)
	at org.testng.internal.Invoker.invokeTestMethods(Invoker.java:1128)
	at org.testng.internal.TestMethodWorker.invokeTestMethods(TestMethodWorker.java:129)
	at org.testng.internal.TestMethodWorker.run(TestMethodWorker.java:112)
	at org.testng.TestRunner.privateRun(TestRunner.java:782)
	at org.testng.TestRunner.run(TestRunner.java:632)
	at org.testng.SuiteRunner.runTest(SuiteRunner.java:366)
	at org.testng.SuiteRunner.runSequentially(SuiteRunner.java:361)
	at org.testng.SuiteRunner.privateRun(SuiteRunner.java:319)
	at org.testng.SuiteRunner.run(SuiteRunner.java:268)
	at org.testng.SuiteRunnerWorker.runSuite(SuiteRunnerWorker.java:52)
	at org.testng.SuiteRunnerWorker.run(SuiteRunnerWorker.java:86)
	at org.testng.TestNG.runSuitesSequentially(TestNG.java:1244)
	at org.testng.TestNG.runSuitesLocally(TestNG.java:1169)
	at org.testng.TestNG.run(TestNG.java:1064)
	at org.testng.remote.AbstractRemoteTestNG.run(AbstractRemoteTestNG.java:114)
	at org.testng.remote.RemoteTestNG.initAndRun(RemoteTestNG.java:251)
	at org.testng.remote.RemoteTestNG.main(RemoteTestNG.java:77)
]]>
            </full-stacktrace>
          </exception> <!-- org.openqa.selenium.NoSuchWindowException -->
          <reporter-output>
            <line>
              <![CDATA[Completed executing following method : BaseEngine.afterMethodExecution]]>
            </line>
          </reporter-output>
        </test-method> <!-- afterMethodExecution -->
        <test-method status="SKIP" signature="beforeMethodExecution(java.lang.reflect.Method)[pri:0, instance:com.focus.testcases.HomeMenuSecurityCreateProfileTest@3632be31]" name="beforeMethodExecution" is-config="true" duration-ms="0" started-at="2019-05-27T11:28:53Z" finished-at="2019-05-27T11:28:53Z">
          <reporter-output>
          </reporter-output>
        </test-method> <!-- beforeMethodExecution -->
        <test-method status="SKIP" signature="verifyCreateProfileScreenAvailbilityObjects()[pri:117, instance:com.focus.testcases.HomeMenuSecurityCreateProfileTest@3632be31]" name="verifyCreateProfileScreenAvailbilityObjects" duration-ms="0" started-at="2019-05-27T11:28:53Z" finished-at="2019-05-27T11:28:53Z">
          <reporter-output>
          </reporter-output>
        </test-method> <!-- verifyCreateProfileScreenAvailbilityObjects -->
        <test-method status="SKIP" signature="afterMethodExecution(org.testng.ITestResult)[pri:0, instance:com.focus.testcases.HomeMenuSecurityCreateProfileTest@3632be31]" name="afterMethodExecution" is-config="true" duration-ms="0" started-at="2019-05-27T11:28:53Z" finished-at="2019-05-27T11:28:53Z">
          <reporter-output>
          </reporter-output>
        </test-method> <!-- afterMethodExecution -->
        <test-method status="SKIP" signature="beforeMethodExecution(java.lang.reflect.Method)[pri:0, instance:com.focus.testcases.HomeMenuSecurityCreateProfileTest@3632be31]" name="beforeMethodExecution" is-config="true" duration-ms="0" started-at="2019-05-27T11:28:53Z" finished-at="2019-05-27T11:28:53Z">
          <reporter-output>
          </reporter-output>
        </test-method> <!-- beforeMethodExecution -->
        <test-method status="SKIP" signature="verifyProfileNameAsMandatory()[pri:118, instance:com.focus.testcases.HomeMenuSecurityCreateProfileTest@3632be31]" name="verifyProfileNameAsMandatory" duration-ms="1" started-at="2019-05-27T11:28:53Z" finished-at="2019-05-27T11:28:53Z">
          <reporter-output>
          </reporter-output>
        </test-method> <!-- verifyProfileNameAsMandatory -->
        <test-method status="SKIP" signature="afterMethodExecution(org.testng.ITestResult)[pri:0, instance:com.focus.testcases.HomeMenuSecurityCreateProfileTest@3632be31]" name="afterMethodExecution" is-config="true" duration-ms="0" started-at="2019-05-27T11:28:53Z" finished-at="2019-05-27T11:28:53Z">
          <reporter-output>
          </reporter-output>
        </test-method> <!-- afterMethodExecution -->
        <test-method status="SKIP" signature="beforeMethodExecution(java.lang.reflect.Method)[pri:0, instance:com.focus.testcases.HomeMenuSecurityCreateProfileTest@3632be31]" name="beforeMethodExecution" is-config="true" duration-ms="0" started-at="2019-05-27T11:28:53Z" finished-at="2019-05-27T11:28:53Z">
          <reporter-output>
          </reporter-output>
        </test-method> <!-- beforeMethodExecution -->
        <test-method status="SKIP" signature="verifyCreateProfilePermissionAsMandatory()[pri:119, instance:com.focus.testcases.HomeMenuSecurityCreateProfileTest@3632be31]" name="verifyCreateProfilePermissionAsMandatory" duration-ms="2" started-at="2019-05-27T11:28:53Z" finished-at="2019-05-27T11:28:53Z">
          <reporter-output>
          </reporter-output>
        </test-method> <!-- verifyCreateProfilePermissionAsMandatory -->
        <test-method status="SKIP" signature="afterMethodExecution(org.testng.ITestResult)[pri:0, instance:com.focus.testcases.HomeMenuSecurityCreateProfileTest@3632be31]" name="afterMethodExecution" is-config="true" duration-ms="0" started-at="2019-05-27T11:28:53Z" finished-at="2019-05-27T11:28:53Z">
          <reporter-output>
          </reporter-output>
        </test-method> <!-- afterMethodExecution -->
        <test-method status="SKIP" signature="beforeMethodExecution(java.lang.reflect.Method)[pri:0, instance:com.focus.testcases.HomeMenuSecurityCreateProfileTest@3632be31]" name="beforeMethodExecution" is-config="true" duration-ms="0" started-at="2019-05-27T11:28:53Z" finished-at="2019-05-27T11:28:53Z">
          <reporter-output>
          </reporter-output>
        </test-method> <!-- beforeMethodExecution -->
        <test-method status="SKIP" signature="verifyCreateProfileHomeMenuSubMenuCompany()[pri:120, instance:com.focus.testcases.HomeMenuSecurityCreateProfileTest@3632be31]" name="verifyCreateProfileHomeMenuSubMenuCompany" duration-ms="4" started-at="2019-05-27T11:28:53Z" finished-at="2019-05-27T11:28:53Z">
          <reporter-output>
          </reporter-output>
        </test-method> <!-- verifyCreateProfileHomeMenuSubMenuCompany -->
        <test-method status="SKIP" signature="afterMethodExecution(org.testng.ITestResult)[pri:0, instance:com.focus.testcases.HomeMenuSecurityCreateProfileTest@3632be31]" name="afterMethodExecution" is-config="true" duration-ms="0" started-at="2019-05-27T11:28:53Z" finished-at="2019-05-27T11:28:53Z">
          <reporter-output>
          </reporter-output>
        </test-method> <!-- afterMethodExecution -->
        <test-method status="SKIP" signature="beforeMethodExecution(java.lang.reflect.Method)[pri:0, instance:com.focus.testcases.HomeMenuSecurityCreateProfileTest@3632be31]" name="beforeMethodExecution" is-config="true" duration-ms="0" started-at="2019-05-27T11:28:53Z" finished-at="2019-05-27T11:28:53Z">
          <reporter-output>
          </reporter-output>
        </test-method> <!-- beforeMethodExecution -->
        <test-method status="SKIP" signature="verifyCreateProfileFinancialsMenuSubMenuCompany()[pri:121, instance:com.focus.testcases.HomeMenuSecurityCreateProfileTest@3632be31]" name="verifyCreateProfileFinancialsMenuSubMenuCompany" duration-ms="1" started-at="2019-05-27T11:28:53Z" finished-at="2019-05-27T11:28:53Z">
          <reporter-output>
          </reporter-output>
        </test-method> <!-- verifyCreateProfileFinancialsMenuSubMenuCompany -->
        <test-method status="SKIP" signature="afterMethodExecution(org.testng.ITestResult)[pri:0, instance:com.focus.testcases.HomeMenuSecurityCreateProfileTest@3632be31]" name="afterMethodExecution" is-config="true" duration-ms="0" started-at="2019-05-27T11:28:53Z" finished-at="2019-05-27T11:28:53Z">
          <reporter-output>
          </reporter-output>
        </test-method> <!-- afterMethodExecution -->
        <test-method status="SKIP" signature="generateReports()[pri:0, instance:com.focus.testcases.HomeMenuSecurityCreateProfileTest@3632be31]" name="generateReports" is-config="true" duration-ms="0" started-at="2019-05-27T11:28:53Z" finished-at="2019-05-27T11:28:53Z">
          <reporter-output>
          </reporter-output>
        </test-method> <!-- generateReports -->
        <test-method status="SKIP" signature="closeBrowser()[pri:0, instance:com.focus.testcases.HomeMenuSecurityCreateProfileTest@3632be31]" name="closeBrowser" is-config="true" duration-ms="0" started-at="2019-05-27T11:28:53Z" finished-at="2019-05-27T11:28:53Z">
          <reporter-output>
          </reporter-output>
        </test-method> <!-- closeBrowser -->
      </class> <!-- com.focus.testcases.HomeMenuSecurityCreateProfileTest -->
    </test> <!-- Default test -->
  </suite> <!-- Default suite -->
</testng-results>
