<!DOCTYPE html PUBLIC "-//W3C//DTD XHTML 1.1//EN" "http://www.w3.org/TR/xhtml11/DTD/xhtml11.dtd">
<html xmlns="http://www.w3.org/1999/xhtml"><head><title>TestNG Report</title><style type="text/css">table {margin-bottom:10px;border-collapse:collapse;empty-cells:show}th,td {border:1px solid #009;padding:.25em .5em}th {vertical-align:bottom}td {vertical-align:top}table a {font-weight:bold}.stripe td {background-color: #E6EBF9}.num {text-align:right}.passedodd td {background-color: #3F3}.passedeven td {background-color: #0A0}.skippedodd td {background-color: #DDD}.skippedeven td {background-color: #CCC}.failedodd td,.attn {background-color: #F33}.failedeven td,.stripe .attn {background-color: #D00}.stacktrace {white-space:pre;font-family:monospace}.totop {font-size:85%;text-align:center;border-bottom:2px solid #000}</style></head><body><table><tr><th>Test</th><th># Passed</th><th># Skipped</th><th># Failed</th><th>Time (ms)</th><th>Included Groups</th><th>Excluded Groups</th></tr><tr><th colspan="7">Command line suite</th></tr><tr><td><a href="#t0">Command line test</a></td><td class="num">0</td><td class="num attn">5</td><td class="num attn">2</td><td class="num">137,813</td><td></td><td></td></tr></table><table><thead><tr><th>Class</th><th>Method</th><th>Start</th><th>Time (ms)</th></tr></thead><tbody><tr><th colspan="4">Command line suite</th></tr></tbody><tbody id="t0"><tr><th colspan="4">Command line test &#8212; failed (configuration methods)</th></tr><tr class="failedeven"><td rowspan="1">com.focus.testcases.LoginPageTest</td><td><a href="#m0">afterMethodExecution</a></td><td rowspan="1">1560268509392</td><td rowspan="1">0</td></tr><tr><th colspan="4">Command line test &#8212; failed</th></tr><tr class="failedeven"><td rowspan="2">com.focus.testcases.LoginPageTest</td><td><a href="#m1">enterUrl</a></td><td rowspan="1">1560268376440</td><td rowspan="1">75938</td></tr><tr class="failedeven"><td><a href="#m2">verifyTheAvaibilityOfFieldsInLoginScreen</a></td><td rowspan="1">1560268452869</td><td rowspan="1">56520</td></tr><tr><th colspan="4">Command line test &#8212; skipped (configuration methods)</th></tr><tr class="skippedeven"><td rowspan="4">com.focus.testcases.CreateCompanyLoginTest</td><td><a href="#m3">afterMethodExecution</a></td><td rowspan="1">1560268513440</td><td rowspan="1">0</td></tr><tr class="skippedeven"><td><a href="#m4">beforeMethodExecution</a></td><td rowspan="1">1560268513436</td><td rowspan="1">0</td></tr><tr class="skippedeven"><td><a href="#m5">closeBrowser</a></td><td rowspan="1">1560268513523</td><td rowspan="1">0</td></tr><tr class="skippedeven"><td><a href="#m6">generateReports</a></td><td rowspan="1">1560268513452</td><td rowspan="1">0</td></tr><tr class="skippedodd"><td rowspan="8">com.focus.testcases.HomeMenuSecurityCreateProfileTest</td><td><a href="#m7">afterMethodExecution</a></td><td rowspan="4">1560268513448</td><td rowspan="4">0</td></tr><tr class="skippedodd"><td><a href="#m8">afterMethodExecution</a></td></tr><tr class="skippedodd"><td><a href="#m9">afterMethodExecution</a></td></tr><tr class="skippedodd"><td><a href="#m10">afterMethodExecution</a></td></tr><tr class="skippedodd"><td><a href="#m11">beforeMethodExecution</a></td><td rowspan="4">1560268513446</td><td rowspan="4">0</td></tr><tr class="skippedodd"><td><a href="#m12">beforeMethodExecution</a></td></tr><tr class="skippedodd"><td><a href="#m13">beforeMethodExecution</a></td></tr><tr class="skippedodd"><td><a href="#m14">beforeMethodExecution</a></td></tr><tr><th colspan="4">Command line test &#8212; skipped</th></tr><tr class="skippedeven"><td rowspan="1">com.focus.testcases.CreateCompanyLoginTest</td><td><a href="#m15">verifyValidLoginTest</a></td><td rowspan="1">1560268513436</td><td rowspan="1">3</td></tr><tr class="skippedodd"><td rowspan="4">com.focus.testcases.HomeMenuSecurityCreateProfileTest</td><td><a href="#m16">verifyCreateProfilePage</a></td><td rowspan="1">1560268513441</td><td rowspan="1">1</td></tr><tr class="skippedodd"><td><a href="#m17">verifyOpenCompany</a></td><td rowspan="1">1560268513447</td><td rowspan="1">0</td></tr><tr class="skippedodd"><td><a href="#m18">verifyOpenCompanyMenuRestrcition</a></td><td rowspan="1">1560268513449</td><td rowspan="1">1</td></tr><tr class="skippedodd"><td><a href="#m19">verifySavedProfile</a></td><td rowspan="1">1560268513444</td><td rowspan="1">0</td></tr></tbody></table><h2>Command line test</h2><h3 id="m0">com.focus.testcases.LoginPageTest#afterMethodExecution</h3><table class="result"><tr class="param"><th>Parameter #1</th></tr><tr class="param stripe"><td>[TestResult name=verifyTheAvaibilityOfFieldsInLoginScreen status=FAILURE method=LoginPageTest.verifyTheAvaibilityOfFieldsInLoginScreen()[pri:2, instance:com.focus.testcases.LoginPageTest@66480dd7] output=Completed executing following method : LoginPageTest.verifyTheAvaibilityOfFieldsInLoginScreen]</td></tr><tr><th>Messages</th></tr><tr><td><div class="messages">Completed executing following method : BaseEngine.afterMethodExecution</div></td></tr><tr><th>Exception</th></tr><tr><td><div class="stacktrace">org.openqa.selenium.WebDriverException: chrome not reachable
  (Session info: chrome=75.0.3770.80)
  (Driver info: chromedriver=2.46.628402 (536cd7adbad73a3783fdc2cab92ab2ba7ec361e1),platform=Windows NT 10.0.10586 x86_64) (WARNING: The server did not provide any stacktrace information)
Command duration or timeout: 0 milliseconds
Build info: version: &apos;3.12.0&apos;, revision: &apos;7c6e0b3&apos;, time: &apos;2018-05-08T14:04:26.12Z&apos;
System info: host: &apos;FOCUS-QA-4&apos;, ip: &apos;192.168.5.29&apos;, os.name: &apos;Windows 10&apos;, os.arch: &apos;amd64&apos;, os.version: &apos;10.0&apos;, java.version: &apos;1.8.0_65&apos;
Driver info: org.openqa.selenium.chrome.ChromeDriver
Capabilities {acceptInsecureCerts: false, acceptSslCerts: false, applicationCacheEnabled: false, browserConnectionEnabled: false, browserName: chrome, chrome: {chromedriverVersion: 2.46.628402 (536cd7adbad73a..., userDataDir: C:\Users\ADMINI~1.FOC\AppDa...}, cssSelectorsEnabled: true, databaseEnabled: false, goog:chromeOptions: {debuggerAddress: localhost:7148}, handlesAlerts: true, hasTouchScreen: false, javascriptEnabled: true, locationContextEnabled: true, mobileEmulationEnabled: false, nativeEvents: true, networkConnectionEnabled: false, pageLoadStrategy: normal, platform: XP, platformName: XP, proxy: Proxy(), rotatable: false, setWindowRect: true, strictFileInteractability: false, takesHeapSnapshot: true, takesScreenshot: true, timeouts: {implicit: 0, pageLoad: 300000, script: 30000}, unexpectedAlertBehaviour: ignore, unhandledPromptBehavior: ignore, version: 75.0.3770.80, webStorageEnabled: true}
Session ID: c858163d515a952378d366039713f0c7
	at org.openqa.selenium.remote.ErrorHandler.createThrowable(ErrorHandler.java:214)
	at org.openqa.selenium.remote.ErrorHandler.throwIfResponseFailed(ErrorHandler.java:166)
	at org.openqa.selenium.remote.http.JsonHttpResponseCodec.reconstructValue(JsonHttpResponseCodec.java:40)
	at org.openqa.selenium.remote.http.AbstractHttpResponseCodec.decode(AbstractHttpResponseCodec.java:80)
	at org.openqa.selenium.remote.http.AbstractHttpResponseCodec.decode(AbstractHttpResponseCodec.java:44)
	at org.openqa.selenium.remote.HttpCommandExecutor.execute(HttpCommandExecutor.java:158)
	at org.openqa.selenium.remote.service.DriverCommandExecutor.execute(DriverCommandExecutor.java:83)
	at org.openqa.selenium.remote.RemoteWebDriver.execute(RemoteWebDriver.java:543)
	at org.openqa.selenium.remote.RemoteWebDriver.execute(RemoteWebDriver.java:600)
	at org.openqa.selenium.remote.RemoteWebDriver.getScreenshotAs(RemoteWebDriver.java:289)
	at com.focus.utilities.ScreenshotUtility.screenshot(ScreenshotUtility.java:19)
	at com.focus.base.BaseEngine.afterMethodExecution(BaseEngine.java:149)
... Removed 40 stack frames</div></td></tr></table><p class="totop"><a href="#summary">back to summary</a></p><h3 id="m1">com.focus.testcases.LoginPageTest#enterUrl</h3><table class="result"><tr><th>Messages</th></tr><tr><td><div class="messages">Completed executing following method : LoginPageTest.enterUrl<br/>Test Method resides in com.focus.testcases.LoginPageTest<br/>Test Status: Failed<br/>About to begin executing following method : BaseEngine.afterMethodExecution</div></td></tr><tr><th>Exception</th></tr><tr><td><div class="stacktrace">java.lang.AssertionError: expected [Focus] but found [Unable to make the session state request to the session state server. Please ensure that the ASP.NET State service is started and that the client and server ports are the same.  If the server is on a remote machine, please ensure that it accepts remote requests by checking the value of HKEY_LOCAL_MACHINE\SYSTEM\CurrentControlSet\Services\aspnet_state\Parameters\AllowRemoteConnection.  If the server is on the local machine, and if the before mentioned registry value does not exist or is set to 0, then the state server connection string must use either &apos;localhost&apos; or &apos;127.0.0.1&apos; as the server name.]
	at com.focus.testcases.LoginPageTest.enterUrl(LoginPageTest.java:41)
... Removed 40 stack frames</div></td></tr></table><p class="totop"><a href="#summary">back to summary</a></p><h3 id="m2">com.focus.testcases.LoginPageTest#verifyTheAvaibilityOfFieldsInLoginScreen</h3><table class="result"><tr><th>Messages</th></tr><tr><td><div class="messages">Completed executing following method : LoginPageTest.verifyTheAvaibilityOfFieldsInLoginScreen<br/>Test Method resides in com.focus.testcases.LoginPageTest<br/>Test Status: Failed<br/>About to begin executing following method : BaseEngine.afterMethodExecution</div></td></tr><tr><th>Exception</th></tr><tr><td><div class="stacktrace">java.lang.NullPointerException
	at org.openqa.selenium.support.pagefactory.internal.LocatingElementHandler.invoke(LocatingElementHandler.java:51)
	at com.sun.proxy.$Proxy13.toString(Unknown Source)
	at java.lang.String.valueOf(String.java:2994)
	at java.lang.StringBuilder.append(StringBuilder.java:131)
	at org.openqa.selenium.support.ui.ExpectedConditions$10.toString(ExpectedConditions.java:306)
	at java.lang.String.valueOf(String.java:2994)
	at java.lang.StringBuilder.append(StringBuilder.java:131)
	at org.openqa.selenium.support.ui.FluentWait.until(FluentWait.java:267)
	at com.focus.Pages.LoginPage.verifyAvailablityOfFields(LoginPage.java:126)
	at com.focus.testcases.LoginPageTest.verifyTheAvaibilityOfFieldsInLoginScreen(LoginPageTest.java:51)
... Removed 38 stack frames</div></td></tr></table><p class="totop"><a href="#summary">back to summary</a></p><h3 id="m3">com.focus.testcases.CreateCompanyLoginTest#afterMethodExecution</h3><table class="result"></table><p class="totop"><a href="#summary">back to summary</a></p><h3 id="m4">com.focus.testcases.CreateCompanyLoginTest#beforeMethodExecution</h3><table class="result"></table><p class="totop"><a href="#summary">back to summary</a></p><h3 id="m5">com.focus.testcases.CreateCompanyLoginTest#closeBrowser</h3><table class="result"></table><p class="totop"><a href="#summary">back to summary</a></p><h3 id="m6">com.focus.testcases.CreateCompanyLoginTest#generateReports</h3><table class="result"></table><p class="totop"><a href="#summary">back to summary</a></p><h3 id="m7">com.focus.testcases.HomeMenuSecurityCreateProfileTest#afterMethodExecution</h3><table class="result"></table><p class="totop"><a href="#summary">back to summary</a></p><h3 id="m8">com.focus.testcases.HomeMenuSecurityCreateProfileTest#afterMethodExecution</h3><table class="result"></table><p class="totop"><a href="#summary">back to summary</a></p><h3 id="m9">com.focus.testcases.HomeMenuSecurityCreateProfileTest#afterMethodExecution</h3><table class="result"></table><p class="totop"><a href="#summary">back to summary</a></p><h3 id="m10">com.focus.testcases.HomeMenuSecurityCreateProfileTest#afterMethodExecution</h3><table class="result"></table><p class="totop"><a href="#summary">back to summary</a></p><h3 id="m11">com.focus.testcases.HomeMenuSecurityCreateProfileTest#beforeMethodExecution</h3><table class="result"></table><p class="totop"><a href="#summary">back to summary</a></p><h3 id="m12">com.focus.testcases.HomeMenuSecurityCreateProfileTest#beforeMethodExecution</h3><table class="result"></table><p class="totop"><a href="#summary">back to summary</a></p><h3 id="m13">com.focus.testcases.HomeMenuSecurityCreateProfileTest#beforeMethodExecution</h3><table class="result"></table><p class="totop"><a href="#summary">back to summary</a></p><h3 id="m14">com.focus.testcases.HomeMenuSecurityCreateProfileTest#beforeMethodExecution</h3><table class="result"></table><p class="totop"><a href="#summary">back to summary</a></p><h3 id="m15">com.focus.testcases.CreateCompanyLoginTest#verifyValidLoginTest</h3><table class="result"></table><p class="totop"><a href="#summary">back to summary</a></p><h3 id="m16">com.focus.testcases.HomeMenuSecurityCreateProfileTest#verifyCreateProfilePage</h3><table class="result"></table><p class="totop"><a href="#summary">back to summary</a></p><h3 id="m17">com.focus.testcases.HomeMenuSecurityCreateProfileTest#verifyOpenCompany</h3><table class="result"></table><p class="totop"><a href="#summary">back to summary</a></p><h3 id="m18">com.focus.testcases.HomeMenuSecurityCreateProfileTest#verifyOpenCompanyMenuRestrcition</h3><table class="result"></table><p class="totop"><a href="#summary">back to summary</a></p><h3 id="m19">com.focus.testcases.HomeMenuSecurityCreateProfileTest#verifySavedProfile</h3><table class="result"></table><p class="totop"><a href="#summary">back to summary</a></p></body></html>