<?xml version="1.0" encoding="UTF-8" ?>
<testsuite tests="20" failures="3" name="TestSuite" time="253.691" errors="0" skipped="17">
  <properties>
    <property name="java.runtime.name" value="Java(TM) SE Runtime Environment"/>
    <property name="sun.boot.library.path" value="C:\Program Files\Java\jdk1.8.0_65\jre\bin"/>
    <property name="java.vm.version" value="25.65-b01"/>
    <property name="java.vm.vendor" value="Oracle Corporation"/>
    <property name="maven.multiModuleProjectDirectory" value="E:\ZFocusAI\FocusAI"/>
    <property name="java.vendor.url" value="http://java.oracle.com/"/>
    <property name="path.separator" value=";"/>
    <property name="guice.disable.misplaced.annotation.check" value="true"/>
    <property name="java.vm.name" value="Java HotSpot(TM) 64-Bit Server VM"/>
    <property name="file.encoding.pkg" value="sun.io"/>
    <property name="user.script" value=""/>
    <property name="user.country" value="US"/>
    <property name="sun.java.launcher" value="SUN_STANDARD"/>
    <property name="sun.os.patch.level" value=""/>
    <property name="java.vm.specification.name" value="Java Virtual Machine Specification"/>
    <property name="user.dir" value="E:\ZFocusAI\FocusAI"/>
    <property name="java.runtime.version" value="1.8.0_65-b17"/>
    <property name="java.awt.graphicsenv" value="sun.awt.Win32GraphicsEnvironment"/>
    <property name="java.endorsed.dirs" value="C:\Program Files\Java\jdk1.8.0_65\jre\lib\endorsed"/>
    <property name="os.arch" value="amd64"/>
    <property name="java.io.tmpdir" value="C:\Users\ADMINI~1.FOC\AppData\Local\Temp\"/>
    <property name="line.separator" value="
"/>
    <property name="java.vm.specification.vendor" value="Oracle Corporation"/>
    <property name="user.variant" value=""/>
    <property name="os.name" value="Windows 10"/>
    <property name="classworlds.conf" value="E:\ZFocusAI\.metadata\.plugins\org.eclipse.m2e.launching\launches\m2conf4931052624676654864.tmp"/>
    <property name="sun.jnu.encoding" value="Cp1252"/>
    <property name="java.library.path" value="C:\Program Files\Java\jdk1.8.0_65\bin;C:\WINDOWS\Sun\Java\bin;C:\WINDOWS\system32;C:\WINDOWS;C:\Program Files\Microsoft MPI\Bin\;C:\Program Files (x86)\HP\NV\lib\shunra\vcat;C:\ProgramData\Oracle\Java\javapath;C:\Program Files (x86)\Intel\iCLS Client\;C:\Program Files\Intel\iCLS Client\;C:\WINDOWS\system32;C:\WINDOWS;C:\WINDOWS\System32\Wbem;C:\WINDOWS\System32\WindowsPowerShell\v1.0\;C:\Program Files\Intel\Intel(R) Management Engine Components\DAL;C:\Program Files (x86)\Intel\Intel(R) Management Engine Components\DAL;C:\Program Files\Intel\Intel(R) Management Engine Components\IPT;C:\Program Files (x86)\Intel\Intel(R) Management Engine Components\IPT;C:\Program Files\Microsoft SQL Server\Client SDK\ODBC\110\Tools\Binn\;C:\Program Files (x86)\Microsoft SQL Server\120\Tools\Binn\;C:\Program Files\Microsoft SQL Server\120\Tools\Binn\;C:\Program Files\Microsoft SQL Server\120\DTS\Binn\;C:\Program Files\Java\jdk1.8.0_65\bin;C:\Program Files (x86)\HP\NV\lib\thirdparty\safenet\LDK\7.0;C:\Program Files (x86)\HP\NV\lib\shunra\snv;C:\Users\naveen\AppData\Local\Android\android-sdk;C:\Program Files (x86)\HP\LoadRunner\strawberry-perl\perl\bin;C:\Program Files (x86)\Windows Live\Shared;C:\jakarta5.0.28_RID\bin;C:\Program Files (x86)\Microsoft SQL Server\Client SDK\ODBC\130\Tools\Binn\;C:\Program Files (x86)\Microsoft SQL Server\140\Tools\Binn\;C:\Program Files (x86)\Microsoft SQL Server\140\DTS\Binn\;C:\Program Files (x86)\Microsoft SQL Server\140\Tools\Binn\ManagementStudio\;C:\wkhtmltopdf\bin;C:\apache-maven-3.6.0\bin;C:\Program Files\TortoiseSVN\bin;C:\Program Files\Git\cmd;C:\Program Files\Microsoft SQL Server\140\Tools\Binn\;C:\Program Files\Microsoft SQL Server\140\DTS\Binn\;C:\Program Files\Microsoft SQL Server\Client SDK\ODBC\130\Tools\Binn\;C:\Users\Administrator.FOCUS-QA-4\AppData\Local\Programs\Python\Python37\Scripts\;C:\Users\Administrator.FOCUS-QA-4\AppData\Local\Programs\Python\Python37\;."/>
    <property name="java.specification.name" value="Java Platform API Specification"/>
    <property name="java.class.version" value="52.0"/>
    <property name="sun.management.compiler" value="HotSpot 64-Bit Tiered Compilers"/>
    <property name="os.version" value="10.0"/>
    <property name="user.home" value="C:\Users\Administrator.FOCUS-QA-4"/>
    <property name="user.timezone" value="Asia/Calcutta"/>
    <property name="java.awt.printerjob" value="sun.awt.windows.WPrinterJob"/>
    <property name="java.specification.version" value="1.8"/>
    <property name="file.encoding" value="Cp1252"/>
    <property name="user.name" value="Administrator"/>
    <property name="java.class.path" value="/E:/Selenium/EclipseNeon/eclipse/plugins/org.eclipse.m2e.maven.runtime_1.7.0.20160603-1931/jars/plexus-classworlds-2.5.2.jar"/>
    <property name="java.vm.specification.version" value="1.8"/>
    <property name="sun.arch.data.model" value="64"/>
    <property name="java.home" value="C:\Program Files\Java\jdk1.8.0_65\jre"/>
    <property name="sun.java.command" value="org.codehaus.plexus.classworlds.launcher.Launcher -B test"/>
    <property name="java.specification.vendor" value="Oracle Corporation"/>
    <property name="user.language" value="en"/>
    <property name="awt.toolkit" value="sun.awt.windows.WToolkit"/>
    <property name="java.vm.info" value="mixed mode"/>
    <property name="java.version" value="1.8.0_65"/>
    <property name="java.ext.dirs" value="C:\Program Files\Java\jdk1.8.0_65\jre\lib\ext;C:\WINDOWS\Sun\Java\lib\ext"/>
    <property name="sun.boot.class.path" value="C:\Program Files\Java\jdk1.8.0_65\jre\lib\resources.jar;C:\Program Files\Java\jdk1.8.0_65\jre\lib\rt.jar;C:\Program Files\Java\jdk1.8.0_65\jre\lib\sunrsasign.jar;C:\Program Files\Java\jdk1.8.0_65\jre\lib\jsse.jar;C:\Program Files\Java\jdk1.8.0_65\jre\lib\jce.jar;C:\Program Files\Java\jdk1.8.0_65\jre\lib\charsets.jar;C:\Program Files\Java\jdk1.8.0_65\jre\lib\jfr.jar;C:\Program Files\Java\jdk1.8.0_65\jre\classes"/>
    <property name="java.vendor" value="Oracle Corporation"/>
    <property name="maven.home" value="E:\ZFocusAI\FocusAI\EMBEDDED"/>
    <property name="file.separator" value="\"/>
    <property name="java.vendor.url.bug" value="http://bugreport.sun.com/bugreport/"/>
    <property name="sun.cpu.endian" value="little"/>
    <property name="sun.io.unicode.encoding" value="UnicodeLittle"/>
    <property name="sun.desktop" value="windows"/>
    <property name="sun.cpu.isalist" value="amd64"/>
  </properties>
  <testcase classname="com.focus.testcases.LoginPageTest" name="enterUrl" time="75.942">
    <failure message="expected [Focus] but found [Unable to make the session state request to the session state server. Please ensure that the ASP.NET State service is started and that the client and server ports are the same.  If the server is on a remote machine, please ensure that it accepts remote requests by checking the value of HKEY_LOCAL_MACHINE\SYSTEM\CurrentControlSet\Services\aspnet_state\Parameters\AllowRemoteConnection.  If the server is on the local machine, and if the before mentioned registry value does not exist or is set to 0, then the state server connection string must use either &apos;localhost&apos; or &apos;127.0.0.1&apos; as the server name.]" type="java.lang.AssertionError">java.lang.AssertionError: expected [Focus] but found [Unable to make the session state request to the session state server. Please ensure that the ASP.NET State service is started and that the client and server ports are the same.  If the server is on a remote machine, please ensure that it accepts remote requests by checking the value of HKEY_LOCAL_MACHINE\SYSTEM\CurrentControlSet\Services\aspnet_state\Parameters\AllowRemoteConnection.  If the server is on the local machine, and if the before mentioned registry value does not exist or is set to 0, then the state server connection string must use either &apos;localhost&apos; or &apos;127.0.0.1&apos; as the server name.]
	at org.testng.Assert.fail(Assert.java:94)
	at org.testng.Assert.failNotEquals(Assert.java:513)
	at org.testng.Assert.assertEqualsImpl(Assert.java:135)
	at org.testng.Assert.assertEquals(Assert.java:116)
	at org.testng.Assert.assertEquals(Assert.java:190)
	at org.testng.Assert.assertEquals(Assert.java:200)
	at com.focus.testcases.LoginPageTest.enterUrl(LoginPageTest.java:41)
</failure>
    <system-out>Configuring TestNG with: org.apache.maven.surefire.testng.conf.TestNG652Configurator@42f30e0a
About to begin executing Suite Command line suite
About to begin executing following method : BaseEngine.openBrowser
Completed executing following method : BaseEngine.openBrowser
About to begin executing Test Command line test
About to begin executing following method : BaseEngine.intialiseReports
Completed executing following method : BaseEngine.intialiseReports
About to begin executing following method : BaseEngine.beforeMethodExecution
tc started
Completed executing following method : BaseEngine.beforeMethodExecution
The execution of the main test starts now
About to begin executing following method : LoginPageTest.enterUrl
The URL of the Application :http://localhost/focus8w#
Unable to make the session state request to the session state server. Please ensure that the ASP.NET State service is started and that the client and server ports are the same.  If the server is on a remote machine, please ensure that it accepts remote requests by checking the value of HKEY_LOCAL_MACHINE\SYSTEM\CurrentControlSet\Services\aspnet_state\Parameters\AllowRemoteConnection.  If the server is on the local machine, and if the before mentioned registry value does not exist or is set to 0, then the state server connection string must use either &apos;localhost&apos; or &apos;127.0.0.1&apos; as the server name.
Completed executing following method : LoginPageTest.enterUrl
Test Method resides in com.focus.testcases.LoginPageTest
Test Status: Failed
</system-out>
    <system-err>Starting ChromeDriver 2.46.628402 (536cd7adbad73a3783fdc2cab92ab2ba7ec361e1) on port 44890
Only local connections are allowed.
Please protect ports used by ChromeDriver and related test frameworks to prevent access by malicious code.
Jun 11, 2019 9:22:54 PM org.openqa.selenium.remote.ProtocolHandshake createSession
INFO: Detected dialect: OSS
</system-err>
  </testcase>
  <testcase classname="com.focus.testcases.LoginPageTest" name="verifyTheAvaibilityOfFieldsInLoginScreen" time="56.522">
    <failure type="java.lang.NullPointerException">java.lang.NullPointerException
	at sun.reflect.NativeMethodAccessorImpl.invoke0(Native Method)
	at sun.reflect.NativeMethodAccessorImpl.invoke(NativeMethodAccessorImpl.java:62)
	at sun.reflect.DelegatingMethodAccessorImpl.invoke(DelegatingMethodAccessorImpl.java:43)
	at java.lang.reflect.Method.invoke(Method.java:497)
	at org.openqa.selenium.support.pagefactory.internal.LocatingElementHandler.invoke(LocatingElementHandler.java:51)
	at com.sun.proxy.$Proxy13.toString(Unknown Source)
	at java.lang.String.valueOf(String.java:2994)
	at java.lang.StringBuilder.append(StringBuilder.java:131)
	at org.openqa.selenium.support.ui.ExpectedConditions$10.toString(ExpectedConditions.java:306)
	at java.lang.String.valueOf(String.java:2994)
	at java.lang.StringBuilder.append(StringBuilder.java:131)
	at org.openqa.selenium.support.ui.FluentWait.until(FluentWait.java:267)
	at com.focus.Pages.LoginPage.verifyAvailablityOfFields(LoginPage.java:126)
	at com.focus.testcases.LoginPageTest.verifyTheAvaibilityOfFieldsInLoginScreen(LoginPageTest.java:51)
</failure>
    <system-out>About to begin executing following method : BaseEngine.afterMethodExecution
null
2
Fail : Test Case is Failed from after Method : enterUrl
Completed executing following method : BaseEngine.afterMethodExecution
About to begin executing following method : BaseEngine.beforeMethodExecution
tc started
Completed executing following method : BaseEngine.beforeMethodExecution
The execution of the main test starts now
About to begin executing following method : LoginPageTest.verifyTheAvaibilityOfFieldsInLoginScreen
Completed executing following method : LoginPageTest.verifyTheAvaibilityOfFieldsInLoginScreen
Test Method resides in com.focus.testcases.LoginPageTest
Test Status: Failed
</system-out>
  </testcase>
  <testcase classname="com.focus.testcases.LoginPageTest" name="afterMethodExecution" time="60.567">
    <failure message="chrome not reachable
  (Session info: chrome=75.0.3770.80)
  (Driver info: chromedriver=2.46.628402 (536cd7adbad73a3783fdc2cab92ab2ba7ec361e1),platform=Windows NT 10.0.10586 x86_64) (WARNING: The server did not provide any stacktrace information)
Command duration or timeout: 0 milliseconds
Build info: version: &apos;3.12.0&apos;, revision: &apos;7c6e0b3&apos;, time: &apos;2018-05-08T14:04:26.12Z&apos;
System info: host: &apos;FOCUS-QA-4&apos;, ip: &apos;192.168.5.29&apos;, os.name: &apos;Windows 10&apos;, os.arch: &apos;amd64&apos;, os.version: &apos;10.0&apos;, java.version: &apos;1.8.0_65&apos;
Driver info: org.openqa.selenium.chrome.ChromeDriver
Capabilities {acceptInsecureCerts: false, acceptSslCerts: false, applicationCacheEnabled: false, browserConnectionEnabled: false, browserName: chrome, chrome: {chromedriverVersion: 2.46.628402 (536cd7adbad73a..., userDataDir: C:\Users\ADMINI~1.FOC\AppDa...}, cssSelectorsEnabled: true, databaseEnabled: false, goog:chromeOptions: {debuggerAddress: localhost:7148}, handlesAlerts: true, hasTouchScreen: false, javascriptEnabled: true, locationContextEnabled: true, mobileEmulationEnabled: false, nativeEvents: true, networkConnectionEnabled: false, pageLoadStrategy: normal, platform: XP, platformName: XP, proxy: Proxy(), rotatable: false, setWindowRect: true, strictFileInteractability: false, takesHeapSnapshot: true, takesScreenshot: true, timeouts: {implicit: 0, pageLoad: 300000, script: 30000}, unexpectedAlertBehaviour: ignore, unhandledPromptBehavior: ignore, version: 75.0.3770.80, webStorageEnabled: true}
Session ID: c858163d515a952378d366039713f0c7" type="org.openqa.selenium.WebDriverException">org.openqa.selenium.WebDriverException: chrome not reachable
  (Session info: chrome=75.0.3770.80)
  (Driver info: chromedriver=2.46.628402 (536cd7adbad73a3783fdc2cab92ab2ba7ec361e1),platform=Windows NT 10.0.10586 x86_64) (WARNING: The server did not provide any stacktrace information)
Command duration or timeout: 0 milliseconds
Build info: version: &apos;3.12.0&apos;, revision: &apos;7c6e0b3&apos;, time: &apos;2018-05-08T14:04:26.12Z&apos;
System info: host: &apos;FOCUS-QA-4&apos;, ip: &apos;192.168.5.29&apos;, os.name: &apos;Windows 10&apos;, os.arch: &apos;amd64&apos;, os.version: &apos;10.0&apos;, java.version: &apos;1.8.0_65&apos;
Driver info: org.openqa.selenium.chrome.ChromeDriver
Capabilities {acceptInsecureCerts: false, acceptSslCerts: false, applicationCacheEnabled: false, browserConnectionEnabled: false, browserName: chrome, chrome: {chromedriverVersion: 2.46.628402 (536cd7adbad73a..., userDataDir: C:\Users\ADMINI~1.FOC\AppDa...}, cssSelectorsEnabled: true, databaseEnabled: false, goog:chromeOptions: {debuggerAddress: localhost:7148}, handlesAlerts: true, hasTouchScreen: false, javascriptEnabled: true, locationContextEnabled: true, mobileEmulationEnabled: false, nativeEvents: true, networkConnectionEnabled: false, pageLoadStrategy: normal, platform: XP, platformName: XP, proxy: Proxy(), rotatable: false, setWindowRect: true, strictFileInteractability: false, takesHeapSnapshot: true, takesScreenshot: true, timeouts: {implicit: 0, pageLoad: 300000, script: 30000}, unexpectedAlertBehaviour: ignore, unhandledPromptBehavior: ignore, version: 75.0.3770.80, webStorageEnabled: true}
Session ID: c858163d515a952378d366039713f0c7
	at sun.reflect.NativeConstructorAccessorImpl.newInstance0(Native Method)
	at sun.reflect.NativeConstructorAccessorImpl.newInstance(NativeConstructorAccessorImpl.java:62)
	at sun.reflect.DelegatingConstructorAccessorImpl.newInstance(DelegatingConstructorAccessorImpl.java:45)
	at java.lang.reflect.Constructor.newInstance(Constructor.java:422)
	at org.openqa.selenium.remote.ErrorHandler.createThrowable(ErrorHandler.java:214)
	at org.openqa.selenium.remote.ErrorHandler.throwIfResponseFailed(ErrorHandler.java:166)
	at org.openqa.selenium.remote.http.JsonHttpResponseCodec.reconstructValue(JsonHttpResponseCodec.java:40)
	at org.openqa.selenium.remote.http.AbstractHttpResponseCodec.decode(AbstractHttpResponseCodec.java:80)
	at org.openqa.selenium.remote.http.AbstractHttpResponseCodec.decode(AbstractHttpResponseCodec.java:44)
	at org.openqa.selenium.remote.HttpCommandExecutor.execute(HttpCommandExecutor.java:158)
	at org.openqa.selenium.remote.service.DriverCommandExecutor.execute(DriverCommandExecutor.java:83)
	at org.openqa.selenium.remote.RemoteWebDriver.execute(RemoteWebDriver.java:543)
	at org.openqa.selenium.remote.RemoteWebDriver.execute(RemoteWebDriver.java:600)
	at org.openqa.selenium.remote.RemoteWebDriver.getScreenshotAs(RemoteWebDriver.java:289)
	at com.focus.utilities.ScreenshotUtility.screenshot(ScreenshotUtility.java:19)
	at com.focus.base.BaseEngine.afterMethodExecution(BaseEngine.java:149)
	at sun.reflect.NativeMethodAccessorImpl.invoke0(Native Method)
	at sun.reflect.NativeMethodAccessorImpl.invoke(NativeMethodAccessorImpl.java:62)
	at sun.reflect.DelegatingMethodAccessorImpl.invoke(DelegatingMethodAccessorImpl.java:43)
	at java.lang.reflect.Method.invoke(Method.java:497)
	at org.testng.internal.MethodInvocationHelper.invokeMethod(MethodInvocationHelper.java:86)
	at org.testng.internal.Invoker.invokeConfigurationMethod(Invoker.java:514)
	at org.testng.internal.Invoker.invokeConfigurations(Invoker.java:215)
	at org.testng.internal.Invoker.invokeMethod(Invoker.java:707)
	at org.testng.internal.Invoker.invokeTestMethod(Invoker.java:820)
	at org.testng.internal.Invoker.invokeTestMethods(Invoker.java:1128)
	at org.testng.internal.TestMethodWorker.invokeTestMethods(TestMethodWorker.java:129)
	at org.testng.internal.TestMethodWorker.run(TestMethodWorker.java:112)
	at org.testng.TestRunner.privateRun(TestRunner.java:782)
	at org.testng.TestRunner.run(TestRunner.java:632)
	at org.testng.SuiteRunner.runTest(SuiteRunner.java:366)
	at org.testng.SuiteRunner.runSequentially(SuiteRunner.java:361)
	at org.testng.SuiteRunner.privateRun(SuiteRunner.java:319)
	at org.testng.SuiteRunner.run(SuiteRunner.java:268)
	at org.testng.SuiteRunnerWorker.runSuite(SuiteRunnerWorker.java:52)
	at org.testng.SuiteRunnerWorker.run(SuiteRunnerWorker.java:86)
	at org.testng.TestNG.runSuitesSequentially(TestNG.java:1244)
	at org.testng.TestNG.runSuitesLocally(TestNG.java:1169)
	at org.testng.TestNG.run(TestNG.java:1064)
	at org.apache.maven.surefire.testng.TestNGExecutor.run(TestNGExecutor.java:77)
	at org.apache.maven.surefire.testng.TestNGDirectoryTestSuite.executeMulti(TestNGDirectoryTestSuite.java:159)
	at org.apache.maven.surefire.testng.TestNGDirectoryTestSuite.execute(TestNGDirectoryTestSuite.java:99)
	at org.apache.maven.surefire.testng.TestNGProvider.invoke(TestNGProvider.java:106)
	at sun.reflect.NativeMethodAccessorImpl.invoke0(Native Method)
	at sun.reflect.NativeMethodAccessorImpl.invoke(NativeMethodAccessorImpl.java:62)
	at sun.reflect.DelegatingMethodAccessorImpl.invoke(DelegatingMethodAccessorImpl.java:43)
	at java.lang.reflect.Method.invoke(Method.java:497)
	at org.apache.maven.surefire.util.ReflectionUtils.invokeMethodWithArray(ReflectionUtils.java:189)
	at org.apache.maven.surefire.booter.ProviderFactory$ProviderProxy.invoke(ProviderFactory.java:165)
	at org.apache.maven.surefire.booter.ProviderFactory.invokeProvider(ProviderFactory.java:85)
	at org.apache.maven.surefire.booter.ForkedBooter.runSuitesInProcess(ForkedBooter.java:115)
	at org.apache.maven.surefire.booter.ForkedBooter.main(ForkedBooter.java:75)
</failure>
    <system-out>About to begin executing following method : BaseEngine.afterMethodExecution
Fail
2
Completed executing following method : BaseEngine.afterMethodExecution
</system-out>
    <system-err>[1560268511.396][WARNING]: Timed out connecting to Chrome, retrying...
</system-err>
  </testcase>
  <testcase classname="com.focus.testcases.CreateCompanyLoginTest" name="beforeMethodExecution" time="60.567">
    <skipped/>
  </testcase>
  <testcase classname="com.focus.testcases.CreateCompanyLoginTest" name="verifyValidLoginTest" time="0.001">
    <skipped/>
    <system-out>The execution of the main test starts now
About to begin executing following method : CreateCompanyLoginTest.verifyValidLoginTest
Completed executing following method : CreateCompanyLoginTest.verifyValidLoginTest
Test Method resides in com.focus.testcases.CreateCompanyLoginTest
Test Status: Skipped
</system-out>
  </testcase>
  <testcase classname="com.focus.testcases.CreateCompanyLoginTest" name="afterMethodExecution" time="0.001">
    <skipped/>
  </testcase>
  <testcase classname="com.focus.testcases.HomeMenuSecurityCreateProfileTest" name="beforeMethodExecution" time="0.003">
    <skipped/>
  </testcase>
  <testcase classname="com.focus.testcases.HomeMenuSecurityCreateProfileTest" name="verifyCreateProfilePage" time="0.001">
    <skipped/>
    <system-out>The execution of the main test starts now
About to begin executing following method : HomeMenuSecurityCreateProfileTest.verifyCreateProfilePage
Completed executing following method : HomeMenuSecurityCreateProfileTest.verifyCreateProfilePage
Test Method resides in com.focus.testcases.HomeMenuSecurityCreateProfileTest
Test Status: Skipped
</system-out>
  </testcase>
  <testcase classname="com.focus.testcases.HomeMenuSecurityCreateProfileTest" name="afterMethodExecution" time="0.001">
    <skipped/>
  </testcase>
  <testcase classname="com.focus.testcases.HomeMenuSecurityCreateProfileTest" name="beforeMethodExecution" time="0.002">
    <skipped/>
  </testcase>
  <testcase classname="com.focus.testcases.HomeMenuSecurityCreateProfileTest" name="verifySavedProfile" time="0">
    <skipped/>
    <system-out>The execution of the main test starts now
About to begin executing following method : HomeMenuSecurityCreateProfileTest.verifySavedProfile
Completed executing following method : HomeMenuSecurityCreateProfileTest.verifySavedProfile
Test Method resides in com.focus.testcases.HomeMenuSecurityCreateProfileTest
Test Status: Skipped
</system-out>
  </testcase>
  <testcase classname="com.focus.testcases.HomeMenuSecurityCreateProfileTest" name="afterMethodExecution" time="0.001">
    <skipped/>
  </testcase>
  <testcase classname="com.focus.testcases.HomeMenuSecurityCreateProfileTest" name="beforeMethodExecution" time="0.002">
    <skipped/>
  </testcase>
  <testcase classname="com.focus.testcases.HomeMenuSecurityCreateProfileTest" name="verifyOpenCompany" time="0.001">
    <skipped/>
    <system-out>The execution of the main test starts now
About to begin executing following method : HomeMenuSecurityCreateProfileTest.verifyOpenCompany
Completed executing following method : HomeMenuSecurityCreateProfileTest.verifyOpenCompany
Test Method resides in com.focus.testcases.HomeMenuSecurityCreateProfileTest
Test Status: Skipped
</system-out>
  </testcase>
  <testcase classname="com.focus.testcases.HomeMenuSecurityCreateProfileTest" name="afterMethodExecution" time="0.002">
    <skipped/>
  </testcase>
  <testcase classname="com.focus.testcases.HomeMenuSecurityCreateProfileTest" name="beforeMethodExecution" time="0.003">
    <skipped/>
  </testcase>
  <testcase classname="com.focus.testcases.HomeMenuSecurityCreateProfileTest" name="verifyOpenCompanyMenuRestrcition" time="0">
    <skipped/>
    <system-out>The execution of the main test starts now
About to begin executing following method : HomeMenuSecurityCreateProfileTest.verifyOpenCompanyMenuRestrcition
Completed executing following method : HomeMenuSecurityCreateProfileTest.verifyOpenCompanyMenuRestrcition
Test Method resides in com.focus.testcases.HomeMenuSecurityCreateProfileTest
Test Status: Skipped
</system-out>
  </testcase>
  <testcase classname="com.focus.testcases.HomeMenuSecurityCreateProfileTest" name="afterMethodExecution" time="0">
    <skipped/>
  </testcase>
  <testcase classname="com.focus.testcases.CreateCompanyLoginTest" name="generateReports" time="0.002">
    <skipped/>
  </testcase>
  <testcase classname="com.focus.testcases.CreateCompanyLoginTest" name="closeBrowser" time="0.073">
    <skipped/>
    <system-out>Completed executing test Command line test
</system-out>
  </testcase>
</testsuite>