<?xml version="1.0" encoding="UTF-8"?>
<!-- Generated by org.testng.reporters.JUnitReportReporter -->
<testsuite hostname="Focus-QA-4" name="com.focus.testcases.HomeMenuSecurityTest" tests="15" failures="1" timestamp="20 May 2019 10:36:14 GMT" time="19.119" errors="0">
  <testcase name="verifyUpdateBtn" time="4.537" classname="com.focus.testcases.HomeMenuSecurityTest"/>
  <testcase name="verifyOpenNetworkPolicyCheckSavedIp" time="0.736" classname="com.focus.testcases.HomeMenuSecurityTest"/>
  <testcase name="checkFromToIpStartWithZero" time="0.402" classname="com.focus.testcases.HomeMenuSecurityTest"/>
  <testcase name="checkSaveBtnInNetworkPolicy" time="0.193" classname="com.focus.testcases.HomeMenuSecurityTest"/>
  <testcase name="verifyCloseNetworkPolicyPageInAlertOkUserClickOnCloseBtn" time="4.375" classname="com.focus.testcases.HomeMenuSecurityTest"/>
  <testcase name="verifyCloseImageClickAndCheckAlertInNetworkworkPolicy" time="0.212" classname="com.focus.testcases.HomeMenuSecurityTest"/>
  <testcase name="checkMandatoryMessageWithAllIPBlank" time="0.174" classname="com.focus.testcases.HomeMenuSecurityTest">
    <failure type="java.lang.AssertionError" message="expected [true] but found [false]">
      <![CDATA[java.lang.AssertionError: expected [true] but found [false]
	at org.testng.Assert.fail(Assert.java:94)
	at org.testng.Assert.failNotEquals(Assert.java:513)
	at org.testng.Assert.assertEqualsImpl(Assert.java:135)
	at org.testng.Assert.assertEquals(Assert.java:116)
	at org.testng.Assert.assertEquals(Assert.java:305)
	at org.testng.Assert.assertEquals(Assert.java:315)
	at com.focus.testcases.HomeMenuSecurityTest.checkMandatoryMessageWithAllIPBlank(HomeMenuSecurityTest.java:32)
	at sun.reflect.NativeMethodAccessorImpl.invoke0(Native Method)
	at sun.reflect.NativeMethodAccessorImpl.invoke(NativeMethodAccessorImpl.java:62)
	at sun.reflect.DelegatingMethodAccessorImpl.invoke(DelegatingMethodAccessorImpl.java:43)
	at java.lang.reflect.Method.invoke(Method.java:497)
	at org.testng.internal.MethodInvocationHelper.invokeMethod(MethodInvocationHelper.java:86)
	at org.testng.internal.Invoker.invokeMethod(Invoker.java:643)
	at org.testng.internal.Invoker.invokeTestMethod(Invoker.java:820)
	at org.testng.internal.Invoker.invokeTestMethods(Invoker.java:1128)
	at org.testng.internal.TestMethodWorker.invokeTestMethods(TestMethodWorker.java:129)
	at org.testng.internal.TestMethodWorker.run(TestMethodWorker.java:112)
	at org.testng.TestRunner.privateRun(TestRunner.java:782)
	at org.testng.TestRunner.run(TestRunner.java:632)
	at org.testng.SuiteRunner.runTest(SuiteRunner.java:366)
	at org.testng.SuiteRunner.runSequentially(SuiteRunner.java:361)
	at org.testng.SuiteRunner.privateRun(SuiteRunner.java:319)
	at org.testng.SuiteRunner.run(SuiteRunner.java:268)
	at org.testng.SuiteRunnerWorker.runSuite(SuiteRunnerWorker.java:52)
	at org.testng.SuiteRunnerWorker.run(SuiteRunnerWorker.java:86)
	at org.testng.TestNG.runSuitesSequentially(TestNG.java:1244)
	at org.testng.TestNG.runSuitesLocally(TestNG.java:1169)
	at org.testng.TestNG.run(TestNG.java:1064)
	at org.apache.maven.surefire.testng.TestNGExecutor.run(TestNGExecutor.java:77)
	at org.apache.maven.surefire.testng.TestNGDirectoryTestSuite.executeMulti(TestNGDirectoryTestSuite.java:159)
	at org.apache.maven.surefire.testng.TestNGDirectoryTestSuite.execute(TestNGDirectoryTestSuite.java:99)
	at org.apache.maven.surefire.testng.TestNGProvider.invoke(TestNGProvider.java:106)
	at sun.reflect.NativeMethodAccessorImpl.invoke0(Native Method)
	at sun.reflect.NativeMethodAccessorImpl.invoke(NativeMethodAccessorImpl.java:62)
	at sun.reflect.DelegatingMethodAccessorImpl.invoke(DelegatingMethodAccessorImpl.java:43)
	at java.lang.reflect.Method.invoke(Method.java:497)
	at org.apache.maven.surefire.util.ReflectionUtils.invokeMethodWithArray(ReflectionUtils.java:189)
	at org.apache.maven.surefire.booter.ProviderFactory$ProviderProxy.invoke(ProviderFactory.java:165)
	at org.apache.maven.surefire.booter.ProviderFactory.invokeProvider(ProviderFactory.java:85)
	at org.apache.maven.surefire.booter.ForkedBooter.runSuitesInProcess(ForkedBooter.java:115)
	at org.apache.maven.surefire.booter.ForkedBooter.main(ForkedBooter.java:75)
]]>
    </failure>
  </testcase> <!-- checkMandatoryMessageWithAllIPBlank -->
  <testcase name="checkClearBtn" time="0.205" classname="com.focus.testcases.HomeMenuSecurityTest"/>
  <testcase name="verifySaveTheUpdatedIp" time="0.544" classname="com.focus.testcases.HomeMenuSecurityTest"/>
  <testcase name="verifyDeletedIpIsDisplayingInNetworkPolicy" time="2.323" classname="com.focus.testcases.HomeMenuSecurityTest"/>
  <testcase name="checkToIpAsBlankAndFromIPEndWithZero" time="0.662" classname="com.focus.testcases.HomeMenuSecurityTest"/>
  <testcase name="checkToIpAsBlankAndFromIPIsMoreThanToIp" time="0.649" classname="com.focus.testcases.HomeMenuSecurityTest"/>
  <testcase name="checkStartIpAndEndIp" time="0.543" classname="com.focus.testcases.HomeMenuSecurityTest"/>
  <testcase name="verifyCloseAlertInTheAlertClickOnOkBtn" time="2.082" classname="com.focus.testcases.HomeMenuSecurityTest"/>
  <testcase name="openNetworkPolicyPage" time="1.482" classname="com.focus.testcases.HomeMenuSecurityTest"/>
</testsuite> <!-- com.focus.testcases.HomeMenuSecurityTest -->
