<!DOCTYPE html PUBLIC "-//W3C//DTD XHTML 1.1//EN" "http://www.w3.org/TR/xhtml11/DTD/xhtml11.dtd">
<html xmlns="http://www.w3.org/1999/xhtml"><head><title>TestNG Report</title><style type="text/css">table {margin-bottom:10px;border-collapse:collapse;empty-cells:show}th,td {border:1px solid #009;padding:.25em .5em}th {vertical-align:bottom}td {vertical-align:top}table a {font-weight:bold}.stripe td {background-color: #E6EBF9}.num {text-align:right}.passedodd td {background-color: #3F3}.passedeven td {background-color: #0A0}.skippedodd td {background-color: #DDD}.skippedeven td {background-color: #CCC}.failedodd td,.attn {background-color: #F33}.failedeven td,.stripe .attn {background-color: #D00}.stacktrace {white-space:pre;font-family:monospace}.totop {font-size:85%;text-align:center;border-bottom:2px solid #000}</style></head><body><table><tr><th>Test</th><th># Passed</th><th># Skipped</th><th># Failed</th><th>Time (ms)</th><th>Included Groups</th><th>Excluded Groups</th></tr><tr><th colspan="7">Suite</th></tr><tr><td><a href="#t0">Test</a></td><td class="num">69</td><td class="num">0</td><td class="num attn">6</td><td class="num">3,563,415</td><td></td><td></td></tr></table><table><thead><tr><th>Class</th><th>Method</th><th>Start</th><th>Time (ms)</th></tr></thead><tbody><tr><th colspan="4">Suite</th></tr></tbody><tbody id="t0"><tr><th colspan="4">Test &#8212; failed</th></tr><tr class="failedeven"><td rowspan="6">com.focus.testcases.FooterValuesAndBarcodeValidationTest</td><td><a href="#m0">checkPrintBarcodeIntoPDFandValidatePDF</a></td><td rowspan="1">1672293815831</td><td rowspan="1">13634</td></tr><tr class="failedeven"><td><a href="#m1">checkPrintBarcodePopupFields</a></td><td rowspan="1">1672293803668</td><td rowspan="1">12003</td></tr><tr class="failedeven"><td><a href="#m2">checkPrintBarcodePrintingWithItemSelection</a></td><td rowspan="1">1672293857635</td><td rowspan="1">29251</td></tr><tr class="failedeven"><td><a href="#m3">checkStockLedgerIconsInUserLevelandValidateAnalyzeReport</a></td><td rowspan="1">1672295358450</td><td rowspan="1">6384</td></tr><tr class="failedeven"><td><a href="#m4">checkStockLedgerVisibilityInReports</a></td><td rowspan="1">1672294237162</td><td rowspan="1">1214</td></tr><tr class="failedeven"><td><a href="#m5">checksavePurchaseVouchers</a></td><td rowspan="1">1672292982675</td><td rowspan="1">101275</td></tr><tr><th colspan="4">Test &#8212; passed</th></tr><tr class="passedeven"><td rowspan="67">com.focus.testcases.FooterValuesAndBarcodeValidationTest</td><td><a href="#m6">CheckCreateUserInSU</a></td><td rowspan="1">1672295497255</td><td rowspan="1">20257</td></tr><tr class="passedeven"><td><a href="#m7">checKValidatePurchaseVoucherVATRestrictionInUserLevel</a></td><td rowspan="1">1672294562824</td><td rowspan="1">18694</td></tr><tr class="passedeven"><td><a href="#m8">checkAnalyzeStockLedgerInUserLevel</a></td><td rowspan="1">1672295364959</td><td rowspan="1">64924</td></tr><tr class="passedeven"><td><a href="#m9">checkAvailableOptionsBarCodeDefinition</a></td><td rowspan="1">1672293258311</td><td rowspan="1">19031</td></tr><tr class="passedeven"><td><a href="#m10">checkBarcodeIsbeenScannedInDeliveryNotesVoucher</a></td><td rowspan="1">1672293887002</td><td rowspan="1">137247</td></tr><tr class="passedeven"><td><a href="#m11">checkChangeFieldPropertiesInBarcodeLayout</a></td><td rowspan="1">1672293720735</td><td rowspan="1">82932</td></tr><tr class="passedeven"><td><a href="#m12">checkCreateLayoutForBarCode</a></td><td rowspan="1">1672293514838</td><td rowspan="1">205895</td></tr><tr class="passedeven"><td><a href="#m13">checkCreateNewMRNVoucher</a></td><td rowspan="1">1672293354027</td><td rowspan="1">44052</td></tr><tr class="passedeven"><td><a href="#m14">checkCreateProfileWithHomeFinancialsReportRestrictions</a></td><td rowspan="1">1672294024251</td><td rowspan="1">61023</td></tr><tr class="passedeven"><td><a href="#m15">checkDefinedStandardRateForSTDItem</a></td><td rowspan="1">1672293084091</td><td rowspan="1">23812</td></tr><tr class="passedeven"><td><a href="#m16">checkEditingSavedSalesNewVoucherByAddingRow2</a></td><td rowspan="1">1672292392371</td><td rowspan="1">128570</td></tr><tr class="passedeven"><td><a href="#m17">checkEditingSavedSalesNewVoucherWithIgstValueDeduction</a></td><td rowspan="1">1672292520943</td><td rowspan="1">209622</td></tr><tr class="passedeven"><td><a href="#m18">checkEnableAllAccessightsInAccountForTestRestrictionProfile</a></td><td rowspan="1">1672294613166</td><td rowspan="1">43318</td></tr><tr class="passedeven"><td><a href="#m19">checkEnablePurchaseVoucherVatAccessRightsForSavingVoucher</a></td><td rowspan="1">1672294656486</td><td rowspan="1">46853</td></tr><tr class="passedeven"><td><a href="#m20">checkEnableRestOfTheAccessRightInPvVAT</a></td><td rowspan="1">1672294961195</td><td rowspan="1">62625</td></tr><tr class="passedeven"><td><a href="#m21">checkEnableRestOfTheRightsInStockLedger</a></td><td rowspan="1">1672295023822</td><td rowspan="1">46762</td></tr><tr class="passedeven"><td><a href="#m22">checkEnableStockLedgerAccessRightsForAccessingReports</a></td><td rowspan="1">1672294703341</td><td rowspan="1">41755</td></tr><tr class="passedeven"><td><a href="#m23">checkFieldPostToAccountInPurchaseVouchers</a></td><td rowspan="1">1672292933161</td><td rowspan="1">49512</td></tr><tr class="passedeven"><td><a href="#m24">checkFilterOptionInStockLedger</a></td><td rowspan="1">1672295441585</td><td rowspan="1">31848</td></tr><tr class="passedeven"><td><a href="#m25">checkGiveAccessandShowHomePageAccessToAccountInTestRestrictionProfile</a></td><td rowspan="1">1672294261621</td><td rowspan="1">65747</td></tr><tr class="passedeven"><td><a href="#m26">checkGiveAccessandShowHomePageAccessToPVVATInTestRestrictionProfile</a></td><td rowspan="1">1672294327370</td><td rowspan="1">72031</td></tr><tr class="passedeven"><td><a href="#m27">checkGiveAccessandShowHomePageAccessToStockLedgerInUserLevel</a></td><td rowspan="1">1672294399403</td><td rowspan="1">59397</td></tr><tr class="passedeven"><td><a href="#m28">checkLoadAnalysisReport</a></td><td rowspan="1">1672295429884</td><td rowspan="1">11700</td></tr><tr class="passedeven"><td><a href="#m29">checkLogin</a></td><td rowspan="1">1672292229792</td><td rowspan="1">13634</td></tr><tr class="passedeven"><td><a href="#m30">checkLogoutAndLoginWithSU</a></td><td rowspan="1">1672294238478</td><td rowspan="1">23142</td></tr><tr class="passedeven"><td><a href="#m31">checkLogoutAndLoginWithSUForAccessRights</a></td><td rowspan="1">1672294588016</td><td rowspan="1">25148</td></tr><tr class="passedeven"><td><a href="#m32">checkLogoutAndLoginWithSUForAccessRightsInPVVAT</a></td><td rowspan="1">1672294935531</td><td rowspan="1">25663</td></tr><tr class="passedeven"><td><a href="#m33">checkLogoutAndLoginWithSUForUserCreation</a></td><td rowspan="1">1672295473435</td><td rowspan="1">23819</td></tr><tr class="passedeven"><td><a href="#m34">checkLogoutAndLoginWithTestUser</a></td><td rowspan="1">1672295646064</td><td rowspan="1">21991</td></tr><tr class="passedeven"><td><a href="#m35">checkLogoutAndLogoutWithCreatedUserForValidations</a></td><td rowspan="1">1672295070586</td><td rowspan="1">21834</td></tr><tr class="passedeven"><td><a href="#m36">checkLogoutAndLogoutWithCrestedUser</a></td><td rowspan="1">1672294184921</td><td rowspan="1">43660</td></tr><tr class="passedeven"><td><a href="#m37">checkLogoutAndLogoutWithCrestedUserAfterGivingPermissionsForAccount</a></td><td rowspan="1">1672294745098</td><td rowspan="1">21572</td></tr><tr class="passedeven"><td><a href="#m38">checkLogoutAndLogoutWithCrestedUserAfterGivingPermissionsForProfile</a></td><td rowspan="1">1672294458801</td><td rowspan="1">21878</td></tr><tr class="passedeven"><td><a href="#m39">checkMenuSelectedInProfileAreReflectingInUserLevel</a></td><td rowspan="1">1672294228582</td><td rowspan="1">2321</td></tr><tr class="passedeven"><td><a href="#m40">checkOtherToolsOptionsAccountsMenu</a></td><td rowspan="1">1672294770944</td><td rowspan="1">5973</td></tr><tr class="passedeven"><td><a href="#m41">checkPostingDetailsAndCopyToClipBoardOptionsInPVVAT</a></td><td rowspan="1">1672295162900</td><td rowspan="1">37818</td></tr><tr class="passedeven"><td><a href="#m42">checkPrintBarcodePrintingWithManualQuantityPick</a></td><td rowspan="1">1672293829634</td><td rowspan="1">28000</td></tr><tr class="passedeven"><td><a href="#m43">checkPrintFromExcessInStockVoucherTransaction</a></td><td rowspan="1">1672295577125</td><td rowspan="1">68938</td></tr><tr class="passedeven"><td><a href="#m44">checkPrintInExcessStocksInUserLevel</a></td><td rowspan="1">1672295735345</td><td rowspan="1">41000</td></tr><tr class="passedeven"><td><a href="#m45">checkPrintOptionInUserLevel</a></td><td rowspan="1">1672294915706</td><td rowspan="1">19823</td></tr><tr class="passedeven"><td><a href="#m46">checkPurchaseVarianceInPostingDeatilsByGivingExactStandardRate</a></td><td rowspan="1">1672293188636</td><td rowspan="1">69672</td></tr><tr class="passedeven"><td><a href="#m47">checkPurchaseVarianceInPostingDetailsForSTDItem</a></td><td rowspan="1">1672293107905</td><td rowspan="1">80728</td></tr><tr class="passedeven"><td><a href="#m48">checkPurchaseVoucherVATVisibilityInPurchasesMenuInUserLevel</a></td><td rowspan="1">1672294233549</td><td rowspan="1">3612</td></tr><tr class="passedeven"><td><a href="#m49">checkSaveAccountAfterAccessingRights</a></td><td rowspan="1">1672294776918</td><td rowspan="1">9955</td></tr><tr class="passedeven"><td><a href="#m50">checkSaveBarcodeDefinitionWithAllInputs</a></td><td rowspan="1">1672293283180</td><td rowspan="1">70844</td></tr><tr class="passedeven"><td><a href="#m51">checkSaveBarcodeDefinitionWithoutTemplateName</a></td><td rowspan="1">1672293277346</td><td rowspan="1">2762</td></tr><tr class="passedeven"><td><a href="#m52">checkSaveBarcodeVoucherWithBatchItem</a></td><td rowspan="1">1672293398082</td><td rowspan="1">116753</td></tr><tr class="passedeven"><td><a href="#m53">checkSaveExcessInStocksInUserLevel</a></td><td rowspan="1">1672295681324</td><td rowspan="1">54019</td></tr><tr class="passedeven"><td><a href="#m54">checkSaveExcessInStocksVoucher</a></td><td rowspan="1">1672295517513</td><td rowspan="1">59611</td></tr><tr class="passedeven"><td><a href="#m55">checkSavePrintLayoutAndPrintOptionInOutputOptions</a></td><td rowspan="1">1672295200720</td><td rowspan="1">157728</td></tr><tr class="passedeven"><td><a href="#m56">checkSavePurchaseVoucherVAT</a></td><td rowspan="1">1672294786875</td><td rowspan="1">69998</td></tr><tr class="passedeven"><td><a href="#m57">checkSaveRoleWithCreatedProfileForRestrictions</a></td><td rowspan="1">1672294145497</td><td rowspan="1">22161</td></tr><tr class="passedeven"><td><a href="#m58">checkSaveSalesInvoiceNewVoucherWithDecimalValueRates</a></td><td rowspan="1">1672292730567</td><td rowspan="1">202592</td></tr><tr class="passedeven"><td><a href="#m59">checkSavedProfileWithUnselectedRestrictions</a></td><td rowspan="1">1672294085276</td><td rowspan="1">60219</td></tr><tr class="passedeven"><td><a href="#m60">checkSavedPurchaseVoucherVATForCopyPastePostingDetailsSettingsDeleteDoc</a></td><td rowspan="1">1672294856875</td><td rowspan="1">20641</td></tr><tr class="passedeven"><td><a href="#m61">checkSavingSalesInvoiceNewVoucherWithRow1InBodyGrid</a></td><td rowspan="1">1672292243428</td><td rowspan="1">148941</td></tr><tr class="passedeven"><td><a href="#m62">checkSettingsBtnDeleteBtnnUserLevel</a></td><td rowspan="1">1672294877517</td><td rowspan="1">25227</td></tr><tr class="passedeven"><td><a href="#m63">checkStockLedgerAfterAccessingRights</a></td><td rowspan="1">1672294902745</td><td rowspan="1">12959</td></tr><tr class="passedeven"><td><a href="#m64">checkSuspendVoucherandEditSuspendedVoucher</a></td><td rowspan="1">1672295127089</td><td rowspan="1">35810</td></tr><tr class="passedeven"><td><a href="#m65">checkToolsOptionsAccountsMenu</a></td><td rowspan="1">1672294766671</td><td rowspan="1">4271</td></tr><tr class="passedeven"><td><a href="#m66">checkUserCreationForCreatedRoleForRestrictions</a></td><td rowspan="1">1672294167660</td><td rowspan="1">17259</td></tr><tr class="passedeven"><td><a href="#m67">checkValidateAccountAccessInUserLevel</a></td><td rowspan="1">1672294480680</td><td rowspan="1">82141</td></tr><tr class="passedeven"><td><a href="#m68">checkValidateAccountVisibilityInUserLevel</a></td><td rowspan="1">1672294230904</td><td rowspan="1">2643</td></tr><tr class="passedeven"><td><a href="#m69">checkValidateEnabledRightsInProfileInUserLevel</a></td><td rowspan="1">1672295092421</td><td rowspan="1">34666</td></tr><tr class="passedeven"><td><a href="#m70">checkValidateStockLedgerReportRestrictionInUserLevel</a></td><td rowspan="1">1672294581519</td><td rowspan="1">6495</td></tr><tr class="passedeven"><td><a href="#m71">checkVoucherSavedBySUIsVisibleInTestUser</a></td><td rowspan="1">1672295668056</td><td rowspan="1">13267</td></tr><tr class="passedeven"><td><a href="#m72">checksaveDefinitionWithoutSelectingFields</a></td><td rowspan="1">1672293280110</td><td rowspan="1">3067</td></tr><tr class="passedodd"><td rowspan="2">com.focus.testcases.URLBrowserTest</td><td><a href="#m73">checkLoginPageTitleByURLInputInBrowser</a></td><td rowspan="1">1672292223663</td><td rowspan="1">6118</td></tr><tr class="passedodd"><td><a href="#m74">verifyBrowserOpen</a></td><td rowspan="1">1672292213574</td><td rowspan="1">10084</td></tr></tbody></table><h2>Test</h2><h3 id="m0">com.focus.testcases.FooterValuesAndBarcodeValidationTest#checkPrintBarcodeIntoPDFandValidatePDF</h3><table class="result"><tr><th>Messages</th></tr><tr><td><div class="messages">Completed executing following method : FooterValuesAndBarcodeValidationTest.checkPrintBarcodeIntoPDFandValidatePDF<br/>Test Method resides in com.focus.testcases.FooterValuesAndBarcodeValidationTest<br/>Test Status: Failed<br/>About to begin executing following method : BaseEngine.afterMethodExecution</div></td></tr><tr><th>Exception</th></tr><tr><td><div class="stacktrace">java.lang.IndexOutOfBoundsException: Index: 1, Size: 1
	at java.util.ArrayList.rangeCheck(Unknown Source)
	at java.util.ArrayList.get(Unknown Source)
	at com.focus.Pages.VoucherPrintOptionsPage.checkPrintBarcodeIntoPDFandValidatePDF(VoucherPrintOptionsPage.java:36013)
	at com.focus.testcases.FooterValuesAndBarcodeValidationTest.checkPrintBarcodeIntoPDFandValidatePDF(FooterValuesAndBarcodeValidationTest.java:173)
... Removed 24 stack frames</div></td></tr></table><p class="totop"><a href="#summary">back to summary</a></p><h3 id="m1">com.focus.testcases.FooterValuesAndBarcodeValidationTest#checkPrintBarcodePopupFields</h3><table class="result"><tr><th>Messages</th></tr><tr><td><div class="messages">Completed executing following method : FooterValuesAndBarcodeValidationTest.checkPrintBarcodePopupFields<br/>Test Method resides in com.focus.testcases.FooterValuesAndBarcodeValidationTest<br/>Test Status: Failed<br/>About to begin executing following method : BaseEngine.afterMethodExecution</div></td></tr><tr><th>Exception</th></tr><tr><td><div class="stacktrace">java.lang.AssertionError: expected [true] but found [false]
	at com.focus.testcases.FooterValuesAndBarcodeValidationTest.checkPrintBarcodePopupFields(FooterValuesAndBarcodeValidationTest.java:166)
... Removed 30 stack frames</div></td></tr></table><p class="totop"><a href="#summary">back to summary</a></p><h3 id="m2">com.focus.testcases.FooterValuesAndBarcodeValidationTest#checkPrintBarcodePrintingWithItemSelection</h3><table class="result"><tr><th>Messages</th></tr><tr><td><div class="messages">Completed executing following method : FooterValuesAndBarcodeValidationTest.checkPrintBarcodePrintingWithItemSelection<br/>Test Method resides in com.focus.testcases.FooterValuesAndBarcodeValidationTest<br/>Test Status: Failed<br/>About to begin executing following method : BaseEngine.afterMethodExecution</div></td></tr><tr><th>Exception</th></tr><tr><td><div class="stacktrace">java.lang.AssertionError: expected [true] but found [false]
	at com.focus.testcases.FooterValuesAndBarcodeValidationTest.checkPrintBarcodePrintingWithItemSelection(FooterValuesAndBarcodeValidationTest.java:187)
... Removed 30 stack frames</div></td></tr></table><p class="totop"><a href="#summary">back to summary</a></p><h3 id="m3">com.focus.testcases.FooterValuesAndBarcodeValidationTest#checkStockLedgerIconsInUserLevelandValidateAnalyzeReport</h3><table class="result"><tr><th>Messages</th></tr><tr><td><div class="messages">Completed executing following method : FooterValuesAndBarcodeValidationTest.checkStockLedgerIconsInUserLevelandValidateAnalyzeReport<br/>Test Method resides in com.focus.testcases.FooterValuesAndBarcodeValidationTest<br/>Test Status: Failed<br/>About to begin executing following method : BaseEngine.afterMethodExecution</div></td></tr><tr><th>Exception</th></tr><tr><td><div class="stacktrace">java.lang.AssertionError: expected [true] but found [false]
	at com.focus.testcases.FooterValuesAndBarcodeValidationTest.checkStockLedgerIconsInUserLevelandValidateAnalyzeReport(FooterValuesAndBarcodeValidationTest.java:480)
... Removed 30 stack frames</div></td></tr></table><p class="totop"><a href="#summary">back to summary</a></p><h3 id="m4">com.focus.testcases.FooterValuesAndBarcodeValidationTest#checkStockLedgerVisibilityInReports</h3><table class="result"><tr><th>Messages</th></tr><tr><td><div class="messages">Completed executing following method : FooterValuesAndBarcodeValidationTest.checkStockLedgerVisibilityInReports<br/>Test Method resides in com.focus.testcases.FooterValuesAndBarcodeValidationTest<br/>Test Status: Failed<br/>About to begin executing following method : BaseEngine.afterMethodExecution</div></td></tr><tr><th>Exception</th></tr><tr><td><div class="stacktrace">java.lang.AssertionError: expected [true] but found [false]
	at com.focus.testcases.FooterValuesAndBarcodeValidationTest.checkStockLedgerVisibilityInReports(FooterValuesAndBarcodeValidationTest.java:256)
... Removed 30 stack frames</div></td></tr></table><p class="totop"><a href="#summary">back to summary</a></p><h3 id="m5">com.focus.testcases.FooterValuesAndBarcodeValidationTest#checksavePurchaseVouchers</h3><table class="result"><tr><th>Messages</th></tr><tr><td><div class="messages">Completed executing following method : FooterValuesAndBarcodeValidationTest.checksavePurchaseVouchers<br/>Test Method resides in com.focus.testcases.FooterValuesAndBarcodeValidationTest<br/>Test Status: Failed<br/>About to begin executing following method : BaseEngine.afterMethodExecution</div></td></tr><tr><th>Exception</th></tr><tr><td><div class="stacktrace">java.lang.AssertionError: expected [true] but found [false]
	at com.focus.testcases.FooterValuesAndBarcodeValidationTest.checksavePurchaseVouchers(FooterValuesAndBarcodeValidationTest.java:75)
... Removed 30 stack frames</div></td></tr></table><p class="totop"><a href="#summary">back to summary</a></p><h3 id="m6">com.focus.testcases.FooterValuesAndBarcodeValidationTest#CheckCreateUserInSU</h3><table class="result"><tr><th>Messages</th></tr><tr><td><div class="messages">Completed executing following method : FooterValuesAndBarcodeValidationTest.CheckCreateUserInSU<br/>Test Method resides in com.focus.testcases.FooterValuesAndBarcodeValidationTest<br/>Test Status: Pass<br/>About to begin executing following method : BaseEngine.afterMethodExecution</div></td></tr></table><p class="totop"><a href="#summary">back to summary</a></p><h3 id="m7">com.focus.testcases.FooterValuesAndBarcodeValidationTest#checKValidatePurchaseVoucherVATRestrictionInUserLevel</h3><table class="result"><tr><th>Messages</th></tr><tr><td><div class="messages">Completed executing following method : FooterValuesAndBarcodeValidationTest.checKValidatePurchaseVoucherVATRestrictionInUserLevel<br/>Test Method resides in com.focus.testcases.FooterValuesAndBarcodeValidationTest<br/>Test Status: Pass<br/>About to begin executing following method : BaseEngine.afterMethodExecution</div></td></tr></table><p class="totop"><a href="#summary">back to summary</a></p><h3 id="m8">com.focus.testcases.FooterValuesAndBarcodeValidationTest#checkAnalyzeStockLedgerInUserLevel</h3><table class="result"><tr><th>Messages</th></tr><tr><td><div class="messages">Completed executing following method : FooterValuesAndBarcodeValidationTest.checkAnalyzeStockLedgerInUserLevel<br/>Test Method resides in com.focus.testcases.FooterValuesAndBarcodeValidationTest<br/>Test Status: Pass<br/>About to begin executing following method : BaseEngine.afterMethodExecution</div></td></tr></table><p class="totop"><a href="#summary">back to summary</a></p><h3 id="m9">com.focus.testcases.FooterValuesAndBarcodeValidationTest#checkAvailableOptionsBarCodeDefinition</h3><table class="result"><tr><th>Messages</th></tr><tr><td><div class="messages">Completed executing following method : FooterValuesAndBarcodeValidationTest.checkAvailableOptionsBarCodeDefinition<br/>Test Method resides in com.focus.testcases.FooterValuesAndBarcodeValidationTest<br/>Test Status: Pass<br/>About to begin executing following method : BaseEngine.afterMethodExecution</div></td></tr></table><p class="totop"><a href="#summary">back to summary</a></p><h3 id="m10">com.focus.testcases.FooterValuesAndBarcodeValidationTest#checkBarcodeIsbeenScannedInDeliveryNotesVoucher</h3><table class="result"><tr><th>Messages</th></tr><tr><td><div class="messages">Completed executing following method : FooterValuesAndBarcodeValidationTest.checkBarcodeIsbeenScannedInDeliveryNotesVoucher<br/>Test Method resides in com.focus.testcases.FooterValuesAndBarcodeValidationTest<br/>Test Status: Pass<br/>About to begin executing following method : BaseEngine.afterMethodExecution</div></td></tr></table><p class="totop"><a href="#summary">back to summary</a></p><h3 id="m11">com.focus.testcases.FooterValuesAndBarcodeValidationTest#checkChangeFieldPropertiesInBarcodeLayout</h3><table class="result"><tr><th>Messages</th></tr><tr><td><div class="messages">Completed executing following method : FooterValuesAndBarcodeValidationTest.checkChangeFieldPropertiesInBarcodeLayout<br/>Test Method resides in com.focus.testcases.FooterValuesAndBarcodeValidationTest<br/>Test Status: Pass<br/>About to begin executing following method : BaseEngine.afterMethodExecution</div></td></tr></table><p class="totop"><a href="#summary">back to summary</a></p><h3 id="m12">com.focus.testcases.FooterValuesAndBarcodeValidationTest#checkCreateLayoutForBarCode</h3><table class="result"><tr><th>Messages</th></tr><tr><td><div class="messages">Completed executing following method : FooterValuesAndBarcodeValidationTest.checkCreateLayoutForBarCode<br/>Test Method resides in com.focus.testcases.FooterValuesAndBarcodeValidationTest<br/>Test Status: Pass<br/>About to begin executing following method : BaseEngine.afterMethodExecution</div></td></tr></table><p class="totop"><a href="#summary">back to summary</a></p><h3 id="m13">com.focus.testcases.FooterValuesAndBarcodeValidationTest#checkCreateNewMRNVoucher</h3><table class="result"><tr><th>Messages</th></tr><tr><td><div class="messages">Completed executing following method : FooterValuesAndBarcodeValidationTest.checkCreateNewMRNVoucher<br/>Test Method resides in com.focus.testcases.FooterValuesAndBarcodeValidationTest<br/>Test Status: Pass<br/>About to begin executing following method : BaseEngine.afterMethodExecution</div></td></tr></table><p class="totop"><a href="#summary">back to summary</a></p><h3 id="m14">com.focus.testcases.FooterValuesAndBarcodeValidationTest#checkCreateProfileWithHomeFinancialsReportRestrictions</h3><table class="result"><tr><th>Messages</th></tr><tr><td><div class="messages">Completed executing following method : FooterValuesAndBarcodeValidationTest.checkCreateProfileWithHomeFinancialsReportRestrictions<br/>Test Method resides in com.focus.testcases.FooterValuesAndBarcodeValidationTest<br/>Test Status: Pass<br/>About to begin executing following method : BaseEngine.afterMethodExecution</div></td></tr></table><p class="totop"><a href="#summary">back to summary</a></p><h3 id="m15">com.focus.testcases.FooterValuesAndBarcodeValidationTest#checkDefinedStandardRateForSTDItem</h3><table class="result"><tr><th>Messages</th></tr><tr><td><div class="messages">Completed executing following method : FooterValuesAndBarcodeValidationTest.checkDefinedStandardRateForSTDItem<br/>Test Method resides in com.focus.testcases.FooterValuesAndBarcodeValidationTest<br/>Test Status: Pass<br/>About to begin executing following method : BaseEngine.afterMethodExecution</div></td></tr></table><p class="totop"><a href="#summary">back to summary</a></p><h3 id="m16">com.focus.testcases.FooterValuesAndBarcodeValidationTest#checkEditingSavedSalesNewVoucherByAddingRow2</h3><table class="result"><tr><th>Messages</th></tr><tr><td><div class="messages">Completed executing following method : FooterValuesAndBarcodeValidationTest.checkEditingSavedSalesNewVoucherByAddingRow2<br/>Test Method resides in com.focus.testcases.FooterValuesAndBarcodeValidationTest<br/>Test Status: Pass<br/>About to begin executing following method : BaseEngine.afterMethodExecution</div></td></tr></table><p class="totop"><a href="#summary">back to summary</a></p><h3 id="m17">com.focus.testcases.FooterValuesAndBarcodeValidationTest#checkEditingSavedSalesNewVoucherWithIgstValueDeduction</h3><table class="result"><tr><th>Messages</th></tr><tr><td><div class="messages">Completed executing following method : FooterValuesAndBarcodeValidationTest.checkEditingSavedSalesNewVoucherWithIgstValueDeduction<br/>Test Method resides in com.focus.testcases.FooterValuesAndBarcodeValidationTest<br/>Test Status: Pass<br/>About to begin executing following method : BaseEngine.afterMethodExecution</div></td></tr></table><p class="totop"><a href="#summary">back to summary</a></p><h3 id="m18">com.focus.testcases.FooterValuesAndBarcodeValidationTest#checkEnableAllAccessightsInAccountForTestRestrictionProfile</h3><table class="result"><tr><th>Messages</th></tr><tr><td><div class="messages">Completed executing following method : FooterValuesAndBarcodeValidationTest.checkEnableAllAccessightsInAccountForTestRestrictionProfile<br/>Test Method resides in com.focus.testcases.FooterValuesAndBarcodeValidationTest<br/>Test Status: Pass<br/>About to begin executing following method : BaseEngine.afterMethodExecution</div></td></tr></table><p class="totop"><a href="#summary">back to summary</a></p><h3 id="m19">com.focus.testcases.FooterValuesAndBarcodeValidationTest#checkEnablePurchaseVoucherVatAccessRightsForSavingVoucher</h3><table class="result"><tr><th>Messages</th></tr><tr><td><div class="messages">Completed executing following method : FooterValuesAndBarcodeValidationTest.checkEnablePurchaseVoucherVatAccessRightsForSavingVoucher<br/>Test Method resides in com.focus.testcases.FooterValuesAndBarcodeValidationTest<br/>Test Status: Pass<br/>About to begin executing following method : BaseEngine.afterMethodExecution</div></td></tr></table><p class="totop"><a href="#summary">back to summary</a></p><h3 id="m20">com.focus.testcases.FooterValuesAndBarcodeValidationTest#checkEnableRestOfTheAccessRightInPvVAT</h3><table class="result"><tr><th>Messages</th></tr><tr><td><div class="messages">Completed executing following method : FooterValuesAndBarcodeValidationTest.checkEnableRestOfTheAccessRightInPvVAT<br/>Test Method resides in com.focus.testcases.FooterValuesAndBarcodeValidationTest<br/>Test Status: Pass<br/>About to begin executing following method : BaseEngine.afterMethodExecution</div></td></tr></table><p class="totop"><a href="#summary">back to summary</a></p><h3 id="m21">com.focus.testcases.FooterValuesAndBarcodeValidationTest#checkEnableRestOfTheRightsInStockLedger</h3><table class="result"><tr><th>Messages</th></tr><tr><td><div class="messages">Completed executing following method : FooterValuesAndBarcodeValidationTest.checkEnableRestOfTheRightsInStockLedger<br/>Test Method resides in com.focus.testcases.FooterValuesAndBarcodeValidationTest<br/>Test Status: Pass<br/>About to begin executing following method : BaseEngine.afterMethodExecution</div></td></tr></table><p class="totop"><a href="#summary">back to summary</a></p><h3 id="m22">com.focus.testcases.FooterValuesAndBarcodeValidationTest#checkEnableStockLedgerAccessRightsForAccessingReports</h3><table class="result"><tr><th>Messages</th></tr><tr><td><div class="messages">Completed executing following method : FooterValuesAndBarcodeValidationTest.checkEnableStockLedgerAccessRightsForAccessingReports<br/>Test Method resides in com.focus.testcases.FooterValuesAndBarcodeValidationTest<br/>Test Status: Pass<br/>About to begin executing following method : BaseEngine.afterMethodExecution</div></td></tr></table><p class="totop"><a href="#summary">back to summary</a></p><h3 id="m23">com.focus.testcases.FooterValuesAndBarcodeValidationTest#checkFieldPostToAccountInPurchaseVouchers</h3><table class="result"><tr><th>Messages</th></tr><tr><td><div class="messages">Completed executing following method : FooterValuesAndBarcodeValidationTest.checkFieldPostToAccountInPurchaseVouchers<br/>Test Method resides in com.focus.testcases.FooterValuesAndBarcodeValidationTest<br/>Test Status: Pass<br/>About to begin executing following method : BaseEngine.afterMethodExecution</div></td></tr></table><p class="totop"><a href="#summary">back to summary</a></p><h3 id="m24">com.focus.testcases.FooterValuesAndBarcodeValidationTest#checkFilterOptionInStockLedger</h3><table class="result"><tr><th>Messages</th></tr><tr><td><div class="messages">Completed executing following method : FooterValuesAndBarcodeValidationTest.checkFilterOptionInStockLedger<br/>Test Method resides in com.focus.testcases.FooterValuesAndBarcodeValidationTest<br/>Test Status: Pass<br/>About to begin executing following method : BaseEngine.afterMethodExecution</div></td></tr></table><p class="totop"><a href="#summary">back to summary</a></p><h3 id="m25">com.focus.testcases.FooterValuesAndBarcodeValidationTest#checkGiveAccessandShowHomePageAccessToAccountInTestRestrictionProfile</h3><table class="result"><tr><th>Messages</th></tr><tr><td><div class="messages">Completed executing following method : FooterValuesAndBarcodeValidationTest.checkGiveAccessandShowHomePageAccessToAccountInTestRestrictionProfile<br/>Test Method resides in com.focus.testcases.FooterValuesAndBarcodeValidationTest<br/>Test Status: Pass<br/>About to begin executing following method : BaseEngine.afterMethodExecution</div></td></tr></table><p class="totop"><a href="#summary">back to summary</a></p><h3 id="m26">com.focus.testcases.FooterValuesAndBarcodeValidationTest#checkGiveAccessandShowHomePageAccessToPVVATInTestRestrictionProfile</h3><table class="result"><tr><th>Messages</th></tr><tr><td><div class="messages">Completed executing following method : FooterValuesAndBarcodeValidationTest.checkGiveAccessandShowHomePageAccessToPVVATInTestRestrictionProfile<br/>Test Method resides in com.focus.testcases.FooterValuesAndBarcodeValidationTest<br/>Test Status: Pass<br/>About to begin executing following method : BaseEngine.afterMethodExecution</div></td></tr></table><p class="totop"><a href="#summary">back to summary</a></p><h3 id="m27">com.focus.testcases.FooterValuesAndBarcodeValidationTest#checkGiveAccessandShowHomePageAccessToStockLedgerInUserLevel</h3><table class="result"><tr><th>Messages</th></tr><tr><td><div class="messages">Completed executing following method : FooterValuesAndBarcodeValidationTest.checkGiveAccessandShowHomePageAccessToStockLedgerInUserLevel<br/>Test Method resides in com.focus.testcases.FooterValuesAndBarcodeValidationTest<br/>Test Status: Pass<br/>About to begin executing following method : BaseEngine.afterMethodExecution</div></td></tr></table><p class="totop"><a href="#summary">back to summary</a></p><h3 id="m28">com.focus.testcases.FooterValuesAndBarcodeValidationTest#checkLoadAnalysisReport</h3><table class="result"><tr><th>Messages</th></tr><tr><td><div class="messages">Completed executing following method : FooterValuesAndBarcodeValidationTest.checkLoadAnalysisReport<br/>Test Method resides in com.focus.testcases.FooterValuesAndBarcodeValidationTest<br/>Test Status: Pass<br/>About to begin executing following method : BaseEngine.afterMethodExecution</div></td></tr></table><p class="totop"><a href="#summary">back to summary</a></p><h3 id="m29">com.focus.testcases.FooterValuesAndBarcodeValidationTest#checkLogin</h3><table class="result"><tr><th>Messages</th></tr><tr><td><div class="messages">Completed executing following method : FooterValuesAndBarcodeValidationTest.checkLogin<br/>Test Method resides in com.focus.testcases.FooterValuesAndBarcodeValidationTest<br/>Test Status: Pass<br/>About to begin executing following method : BaseEngine.afterMethodExecution</div></td></tr></table><p class="totop"><a href="#summary">back to summary</a></p><h3 id="m30">com.focus.testcases.FooterValuesAndBarcodeValidationTest#checkLogoutAndLoginWithSU</h3><table class="result"><tr><th>Messages</th></tr><tr><td><div class="messages">Completed executing following method : FooterValuesAndBarcodeValidationTest.checkLogoutAndLoginWithSU<br/>Test Method resides in com.focus.testcases.FooterValuesAndBarcodeValidationTest<br/>Test Status: Pass<br/>About to begin executing following method : BaseEngine.afterMethodExecution</div></td></tr></table><p class="totop"><a href="#summary">back to summary</a></p><h3 id="m31">com.focus.testcases.FooterValuesAndBarcodeValidationTest#checkLogoutAndLoginWithSUForAccessRights</h3><table class="result"><tr><th>Messages</th></tr><tr><td><div class="messages">Completed executing following method : FooterValuesAndBarcodeValidationTest.checkLogoutAndLoginWithSUForAccessRights<br/>Test Method resides in com.focus.testcases.FooterValuesAndBarcodeValidationTest<br/>Test Status: Pass<br/>About to begin executing following method : BaseEngine.afterMethodExecution</div></td></tr></table><p class="totop"><a href="#summary">back to summary</a></p><h3 id="m32">com.focus.testcases.FooterValuesAndBarcodeValidationTest#checkLogoutAndLoginWithSUForAccessRightsInPVVAT</h3><table class="result"><tr><th>Messages</th></tr><tr><td><div class="messages">Completed executing following method : FooterValuesAndBarcodeValidationTest.checkLogoutAndLoginWithSUForAccessRightsInPVVAT<br/>Test Method resides in com.focus.testcases.FooterValuesAndBarcodeValidationTest<br/>Test Status: Pass<br/>About to begin executing following method : BaseEngine.afterMethodExecution</div></td></tr></table><p class="totop"><a href="#summary">back to summary</a></p><h3 id="m33">com.focus.testcases.FooterValuesAndBarcodeValidationTest#checkLogoutAndLoginWithSUForUserCreation</h3><table class="result"><tr><th>Messages</th></tr><tr><td><div class="messages">Completed executing following method : FooterValuesAndBarcodeValidationTest.checkLogoutAndLoginWithSUForUserCreation<br/>Test Method resides in com.focus.testcases.FooterValuesAndBarcodeValidationTest<br/>Test Status: Pass<br/>About to begin executing following method : BaseEngine.afterMethodExecution</div></td></tr></table><p class="totop"><a href="#summary">back to summary</a></p><h3 id="m34">com.focus.testcases.FooterValuesAndBarcodeValidationTest#checkLogoutAndLoginWithTestUser</h3><table class="result"><tr><th>Messages</th></tr><tr><td><div class="messages">Completed executing following method : FooterValuesAndBarcodeValidationTest.checkLogoutAndLoginWithTestUser<br/>Test Method resides in com.focus.testcases.FooterValuesAndBarcodeValidationTest<br/>Test Status: Pass<br/>About to begin executing following method : BaseEngine.afterMethodExecution</div></td></tr></table><p class="totop"><a href="#summary">back to summary</a></p><h3 id="m35">com.focus.testcases.FooterValuesAndBarcodeValidationTest#checkLogoutAndLogoutWithCreatedUserForValidations</h3><table class="result"><tr><th>Messages</th></tr><tr><td><div class="messages">Completed executing following method : FooterValuesAndBarcodeValidationTest.checkLogoutAndLogoutWithCreatedUserForValidations<br/>Test Method resides in com.focus.testcases.FooterValuesAndBarcodeValidationTest<br/>Test Status: Pass<br/>About to begin executing following method : BaseEngine.afterMethodExecution</div></td></tr></table><p class="totop"><a href="#summary">back to summary</a></p><h3 id="m36">com.focus.testcases.FooterValuesAndBarcodeValidationTest#checkLogoutAndLogoutWithCrestedUser</h3><table class="result"><tr><th>Messages</th></tr><tr><td><div class="messages">Completed executing following method : FooterValuesAndBarcodeValidationTest.checkLogoutAndLogoutWithCrestedUser<br/>Test Method resides in com.focus.testcases.FooterValuesAndBarcodeValidationTest<br/>Test Status: Pass<br/>About to begin executing following method : BaseEngine.afterMethodExecution</div></td></tr></table><p class="totop"><a href="#summary">back to summary</a></p><h3 id="m37">com.focus.testcases.FooterValuesAndBarcodeValidationTest#checkLogoutAndLogoutWithCrestedUserAfterGivingPermissionsForAccount</h3><table class="result"><tr><th>Messages</th></tr><tr><td><div class="messages">Completed executing following method : FooterValuesAndBarcodeValidationTest.checkLogoutAndLogoutWithCrestedUserAfterGivingPermissionsForAccount<br/>Test Method resides in com.focus.testcases.FooterValuesAndBarcodeValidationTest<br/>Test Status: Pass<br/>About to begin executing following method : BaseEngine.afterMethodExecution</div></td></tr></table><p class="totop"><a href="#summary">back to summary</a></p><h3 id="m38">com.focus.testcases.FooterValuesAndBarcodeValidationTest#checkLogoutAndLogoutWithCrestedUserAfterGivingPermissionsForProfile</h3><table class="result"><tr><th>Messages</th></tr><tr><td><div class="messages">Completed executing following method : FooterValuesAndBarcodeValidationTest.checkLogoutAndLogoutWithCrestedUserAfterGivingPermissionsForProfile<br/>Test Method resides in com.focus.testcases.FooterValuesAndBarcodeValidationTest<br/>Test Status: Pass<br/>About to begin executing following method : BaseEngine.afterMethodExecution</div></td></tr></table><p class="totop"><a href="#summary">back to summary</a></p><h3 id="m39">com.focus.testcases.FooterValuesAndBarcodeValidationTest#checkMenuSelectedInProfileAreReflectingInUserLevel</h3><table class="result"><tr><th>Messages</th></tr><tr><td><div class="messages">Completed executing following method : FooterValuesAndBarcodeValidationTest.checkMenuSelectedInProfileAreReflectingInUserLevel<br/>Test Method resides in com.focus.testcases.FooterValuesAndBarcodeValidationTest<br/>Test Status: Pass<br/>About to begin executing following method : BaseEngine.afterMethodExecution</div></td></tr></table><p class="totop"><a href="#summary">back to summary</a></p><h3 id="m40">com.focus.testcases.FooterValuesAndBarcodeValidationTest#checkOtherToolsOptionsAccountsMenu</h3><table class="result"><tr><th>Messages</th></tr><tr><td><div class="messages">Completed executing following method : FooterValuesAndBarcodeValidationTest.checkOtherToolsOptionsAccountsMenu<br/>Test Method resides in com.focus.testcases.FooterValuesAndBarcodeValidationTest<br/>Test Status: Pass<br/>About to begin executing following method : BaseEngine.afterMethodExecution</div></td></tr></table><p class="totop"><a href="#summary">back to summary</a></p><h3 id="m41">com.focus.testcases.FooterValuesAndBarcodeValidationTest#checkPostingDetailsAndCopyToClipBoardOptionsInPVVAT</h3><table class="result"><tr><th>Messages</th></tr><tr><td><div class="messages">Completed executing following method : FooterValuesAndBarcodeValidationTest.checkPostingDetailsAndCopyToClipBoardOptionsInPVVAT<br/>Test Method resides in com.focus.testcases.FooterValuesAndBarcodeValidationTest<br/>Test Status: Pass<br/>About to begin executing following method : BaseEngine.afterMethodExecution</div></td></tr></table><p class="totop"><a href="#summary">back to summary</a></p><h3 id="m42">com.focus.testcases.FooterValuesAndBarcodeValidationTest#checkPrintBarcodePrintingWithManualQuantityPick</h3><table class="result"><tr><th>Messages</th></tr><tr><td><div class="messages">Completed executing following method : FooterValuesAndBarcodeValidationTest.checkPrintBarcodePrintingWithManualQuantityPick<br/>Test Method resides in com.focus.testcases.FooterValuesAndBarcodeValidationTest<br/>Test Status: Pass<br/>About to begin executing following method : BaseEngine.afterMethodExecution</div></td></tr></table><p class="totop"><a href="#summary">back to summary</a></p><h3 id="m43">com.focus.testcases.FooterValuesAndBarcodeValidationTest#checkPrintFromExcessInStockVoucherTransaction</h3><table class="result"><tr><th>Messages</th></tr><tr><td><div class="messages">Completed executing following method : FooterValuesAndBarcodeValidationTest.checkPrintFromExcessInStockVoucherTransaction<br/>Test Method resides in com.focus.testcases.FooterValuesAndBarcodeValidationTest<br/>Test Status: Pass<br/>About to begin executing following method : BaseEngine.afterMethodExecution</div></td></tr></table><p class="totop"><a href="#summary">back to summary</a></p><h3 id="m44">com.focus.testcases.FooterValuesAndBarcodeValidationTest#checkPrintInExcessStocksInUserLevel</h3><table class="result"><tr><th>Messages</th></tr><tr><td><div class="messages">Completed executing following method : FooterValuesAndBarcodeValidationTest.checkPrintInExcessStocksInUserLevel<br/>Test Method resides in com.focus.testcases.FooterValuesAndBarcodeValidationTest<br/>Test Status: Pass<br/>About to begin executing following method : BaseEngine.afterMethodExecution</div></td></tr></table><p class="totop"><a href="#summary">back to summary</a></p><h3 id="m45">com.focus.testcases.FooterValuesAndBarcodeValidationTest#checkPrintOptionInUserLevel</h3><table class="result"><tr><th>Messages</th></tr><tr><td><div class="messages">Completed executing following method : FooterValuesAndBarcodeValidationTest.checkPrintOptionInUserLevel<br/>Test Method resides in com.focus.testcases.FooterValuesAndBarcodeValidationTest<br/>Test Status: Pass<br/>About to begin executing following method : BaseEngine.afterMethodExecution</div></td></tr></table><p class="totop"><a href="#summary">back to summary</a></p><h3 id="m46">com.focus.testcases.FooterValuesAndBarcodeValidationTest#checkPurchaseVarianceInPostingDeatilsByGivingExactStandardRate</h3><table class="result"><tr><th>Messages</th></tr><tr><td><div class="messages">Completed executing following method : FooterValuesAndBarcodeValidationTest.checkPurchaseVarianceInPostingDeatilsByGivingExactStandardRate<br/>Test Method resides in com.focus.testcases.FooterValuesAndBarcodeValidationTest<br/>Test Status: Pass<br/>About to begin executing following method : BaseEngine.afterMethodExecution</div></td></tr></table><p class="totop"><a href="#summary">back to summary</a></p><h3 id="m47">com.focus.testcases.FooterValuesAndBarcodeValidationTest#checkPurchaseVarianceInPostingDetailsForSTDItem</h3><table class="result"><tr><th>Messages</th></tr><tr><td><div class="messages">Completed executing following method : FooterValuesAndBarcodeValidationTest.checkPurchaseVarianceInPostingDetailsForSTDItem<br/>Test Method resides in com.focus.testcases.FooterValuesAndBarcodeValidationTest<br/>Test Status: Pass<br/>About to begin executing following method : BaseEngine.afterMethodExecution</div></td></tr></table><p class="totop"><a href="#summary">back to summary</a></p><h3 id="m48">com.focus.testcases.FooterValuesAndBarcodeValidationTest#checkPurchaseVoucherVATVisibilityInPurchasesMenuInUserLevel</h3><table class="result"><tr><th>Messages</th></tr><tr><td><div class="messages">Completed executing following method : FooterValuesAndBarcodeValidationTest.checkPurchaseVoucherVATVisibilityInPurchasesMenuInUserLevel<br/>Test Method resides in com.focus.testcases.FooterValuesAndBarcodeValidationTest<br/>Test Status: Pass<br/>About to begin executing following method : BaseEngine.afterMethodExecution</div></td></tr></table><p class="totop"><a href="#summary">back to summary</a></p><h3 id="m49">com.focus.testcases.FooterValuesAndBarcodeValidationTest#checkSaveAccountAfterAccessingRights</h3><table class="result"><tr><th>Messages</th></tr><tr><td><div class="messages">Completed executing following method : FooterValuesAndBarcodeValidationTest.checkSaveAccountAfterAccessingRights<br/>Test Method resides in com.focus.testcases.FooterValuesAndBarcodeValidationTest<br/>Test Status: Pass<br/>About to begin executing following method : BaseEngine.afterMethodExecution</div></td></tr></table><p class="totop"><a href="#summary">back to summary</a></p><h3 id="m50">com.focus.testcases.FooterValuesAndBarcodeValidationTest#checkSaveBarcodeDefinitionWithAllInputs</h3><table class="result"><tr><th>Messages</th></tr><tr><td><div class="messages">Completed executing following method : FooterValuesAndBarcodeValidationTest.checkSaveBarcodeDefinitionWithAllInputs<br/>Test Method resides in com.focus.testcases.FooterValuesAndBarcodeValidationTest<br/>Test Status: Pass<br/>About to begin executing following method : BaseEngine.afterMethodExecution</div></td></tr></table><p class="totop"><a href="#summary">back to summary</a></p><h3 id="m51">com.focus.testcases.FooterValuesAndBarcodeValidationTest#checkSaveBarcodeDefinitionWithoutTemplateName</h3><table class="result"><tr><th>Messages</th></tr><tr><td><div class="messages">Completed executing following method : FooterValuesAndBarcodeValidationTest.checkSaveBarcodeDefinitionWithoutTemplateName<br/>Test Method resides in com.focus.testcases.FooterValuesAndBarcodeValidationTest<br/>Test Status: Pass<br/>About to begin executing following method : BaseEngine.afterMethodExecution</div></td></tr></table><p class="totop"><a href="#summary">back to summary</a></p><h3 id="m52">com.focus.testcases.FooterValuesAndBarcodeValidationTest#checkSaveBarcodeVoucherWithBatchItem</h3><table class="result"><tr><th>Messages</th></tr><tr><td><div class="messages">Completed executing following method : FooterValuesAndBarcodeValidationTest.checkSaveBarcodeVoucherWithBatchItem<br/>Test Method resides in com.focus.testcases.FooterValuesAndBarcodeValidationTest<br/>Test Status: Pass<br/>About to begin executing following method : BaseEngine.afterMethodExecution</div></td></tr></table><p class="totop"><a href="#summary">back to summary</a></p><h3 id="m53">com.focus.testcases.FooterValuesAndBarcodeValidationTest#checkSaveExcessInStocksInUserLevel</h3><table class="result"><tr><th>Messages</th></tr><tr><td><div class="messages">Completed executing following method : FooterValuesAndBarcodeValidationTest.checkSaveExcessInStocksInUserLevel<br/>Test Method resides in com.focus.testcases.FooterValuesAndBarcodeValidationTest<br/>Test Status: Pass<br/>About to begin executing following method : BaseEngine.afterMethodExecution</div></td></tr></table><p class="totop"><a href="#summary">back to summary</a></p><h3 id="m54">com.focus.testcases.FooterValuesAndBarcodeValidationTest#checkSaveExcessInStocksVoucher</h3><table class="result"><tr><th>Messages</th></tr><tr><td><div class="messages">Completed executing following method : FooterValuesAndBarcodeValidationTest.checkSaveExcessInStocksVoucher<br/>Test Method resides in com.focus.testcases.FooterValuesAndBarcodeValidationTest<br/>Test Status: Pass<br/>About to begin executing following method : BaseEngine.afterMethodExecution</div></td></tr></table><p class="totop"><a href="#summary">back to summary</a></p><h3 id="m55">com.focus.testcases.FooterValuesAndBarcodeValidationTest#checkSavePrintLayoutAndPrintOptionInOutputOptions</h3><table class="result"><tr><th>Messages</th></tr><tr><td><div class="messages">Completed executing following method : FooterValuesAndBarcodeValidationTest.checkSavePrintLayoutAndPrintOptionInOutputOptions<br/>Test Method resides in com.focus.testcases.FooterValuesAndBarcodeValidationTest<br/>Test Status: Pass<br/>About to begin executing following method : BaseEngine.afterMethodExecution</div></td></tr></table><p class="totop"><a href="#summary">back to summary</a></p><h3 id="m56">com.focus.testcases.FooterValuesAndBarcodeValidationTest#checkSavePurchaseVoucherVAT</h3><table class="result"><tr><th>Messages</th></tr><tr><td><div class="messages">Completed executing following method : FooterValuesAndBarcodeValidationTest.checkSavePurchaseVoucherVAT<br/>Test Method resides in com.focus.testcases.FooterValuesAndBarcodeValidationTest<br/>Test Status: Pass<br/>About to begin executing following method : BaseEngine.afterMethodExecution</div></td></tr></table><p class="totop"><a href="#summary">back to summary</a></p><h3 id="m57">com.focus.testcases.FooterValuesAndBarcodeValidationTest#checkSaveRoleWithCreatedProfileForRestrictions</h3><table class="result"><tr><th>Messages</th></tr><tr><td><div class="messages">Completed executing following method : FooterValuesAndBarcodeValidationTest.checkSaveRoleWithCreatedProfileForRestrictions<br/>Test Method resides in com.focus.testcases.FooterValuesAndBarcodeValidationTest<br/>Test Status: Pass<br/>About to begin executing following method : BaseEngine.afterMethodExecution</div></td></tr></table><p class="totop"><a href="#summary">back to summary</a></p><h3 id="m58">com.focus.testcases.FooterValuesAndBarcodeValidationTest#checkSaveSalesInvoiceNewVoucherWithDecimalValueRates</h3><table class="result"><tr><th>Messages</th></tr><tr><td><div class="messages">Completed executing following method : FooterValuesAndBarcodeValidationTest.checkSaveSalesInvoiceNewVoucherWithDecimalValueRates<br/>Test Method resides in com.focus.testcases.FooterValuesAndBarcodeValidationTest<br/>Test Status: Pass<br/>About to begin executing following method : BaseEngine.afterMethodExecution</div></td></tr></table><p class="totop"><a href="#summary">back to summary</a></p><h3 id="m59">com.focus.testcases.FooterValuesAndBarcodeValidationTest#checkSavedProfileWithUnselectedRestrictions</h3><table class="result"><tr><th>Messages</th></tr><tr><td><div class="messages">Completed executing following method : FooterValuesAndBarcodeValidationTest.checkSavedProfileWithUnselectedRestrictions<br/>Test Method resides in com.focus.testcases.FooterValuesAndBarcodeValidationTest<br/>Test Status: Pass<br/>About to begin executing following method : BaseEngine.afterMethodExecution</div></td></tr></table><p class="totop"><a href="#summary">back to summary</a></p><h3 id="m60">com.focus.testcases.FooterValuesAndBarcodeValidationTest#checkSavedPurchaseVoucherVATForCopyPastePostingDetailsSettingsDeleteDoc</h3><table class="result"><tr><th>Messages</th></tr><tr><td><div class="messages">Completed executing following method : FooterValuesAndBarcodeValidationTest.checkSavedPurchaseVoucherVATForCopyPastePostingDetailsSettingsDeleteDoc<br/>Test Method resides in com.focus.testcases.FooterValuesAndBarcodeValidationTest<br/>Test Status: Pass<br/>About to begin executing following method : BaseEngine.afterMethodExecution</div></td></tr></table><p class="totop"><a href="#summary">back to summary</a></p><h3 id="m61">com.focus.testcases.FooterValuesAndBarcodeValidationTest#checkSavingSalesInvoiceNewVoucherWithRow1InBodyGrid</h3><table class="result"><tr><th>Messages</th></tr><tr><td><div class="messages">Completed executing following method : FooterValuesAndBarcodeValidationTest.checkSavingSalesInvoiceNewVoucherWithRow1InBodyGrid<br/>Test Method resides in com.focus.testcases.FooterValuesAndBarcodeValidationTest<br/>Test Status: Pass<br/>About to begin executing following method : BaseEngine.afterMethodExecution</div></td></tr></table><p class="totop"><a href="#summary">back to summary</a></p><h3 id="m62">com.focus.testcases.FooterValuesAndBarcodeValidationTest#checkSettingsBtnDeleteBtnnUserLevel</h3><table class="result"><tr><th>Messages</th></tr><tr><td><div class="messages">Completed executing following method : FooterValuesAndBarcodeValidationTest.checkSettingsBtnDeleteBtnnUserLevel<br/>Test Method resides in com.focus.testcases.FooterValuesAndBarcodeValidationTest<br/>Test Status: Pass<br/>About to begin executing following method : BaseEngine.afterMethodExecution</div></td></tr></table><p class="totop"><a href="#summary">back to summary</a></p><h3 id="m63">com.focus.testcases.FooterValuesAndBarcodeValidationTest#checkStockLedgerAfterAccessingRights</h3><table class="result"><tr><th>Messages</th></tr><tr><td><div class="messages">Completed executing following method : FooterValuesAndBarcodeValidationTest.checkStockLedgerAfterAccessingRights<br/>Test Method resides in com.focus.testcases.FooterValuesAndBarcodeValidationTest<br/>Test Status: Pass<br/>About to begin executing following method : BaseEngine.afterMethodExecution</div></td></tr></table><p class="totop"><a href="#summary">back to summary</a></p><h3 id="m64">com.focus.testcases.FooterValuesAndBarcodeValidationTest#checkSuspendVoucherandEditSuspendedVoucher</h3><table class="result"><tr><th>Messages</th></tr><tr><td><div class="messages">Completed executing following method : FooterValuesAndBarcodeValidationTest.checkSuspendVoucherandEditSuspendedVoucher<br/>Test Method resides in com.focus.testcases.FooterValuesAndBarcodeValidationTest<br/>Test Status: Pass<br/>About to begin executing following method : BaseEngine.afterMethodExecution</div></td></tr></table><p class="totop"><a href="#summary">back to summary</a></p><h3 id="m65">com.focus.testcases.FooterValuesAndBarcodeValidationTest#checkToolsOptionsAccountsMenu</h3><table class="result"><tr><th>Messages</th></tr><tr><td><div class="messages">Completed executing following method : FooterValuesAndBarcodeValidationTest.checkToolsOptionsAccountsMenu<br/>Test Method resides in com.focus.testcases.FooterValuesAndBarcodeValidationTest<br/>Test Status: Pass<br/>About to begin executing following method : BaseEngine.afterMethodExecution</div></td></tr></table><p class="totop"><a href="#summary">back to summary</a></p><h3 id="m66">com.focus.testcases.FooterValuesAndBarcodeValidationTest#checkUserCreationForCreatedRoleForRestrictions</h3><table class="result"><tr><th>Messages</th></tr><tr><td><div class="messages">Completed executing following method : FooterValuesAndBarcodeValidationTest.checkUserCreationForCreatedRoleForRestrictions<br/>Test Method resides in com.focus.testcases.FooterValuesAndBarcodeValidationTest<br/>Test Status: Pass<br/>About to begin executing following method : BaseEngine.afterMethodExecution</div></td></tr></table><p class="totop"><a href="#summary">back to summary</a></p><h3 id="m67">com.focus.testcases.FooterValuesAndBarcodeValidationTest#checkValidateAccountAccessInUserLevel</h3><table class="result"><tr><th>Messages</th></tr><tr><td><div class="messages">Completed executing following method : FooterValuesAndBarcodeValidationTest.checkValidateAccountAccessInUserLevel<br/>Test Method resides in com.focus.testcases.FooterValuesAndBarcodeValidationTest<br/>Test Status: Pass<br/>About to begin executing following method : BaseEngine.afterMethodExecution</div></td></tr></table><p class="totop"><a href="#summary">back to summary</a></p><h3 id="m68">com.focus.testcases.FooterValuesAndBarcodeValidationTest#checkValidateAccountVisibilityInUserLevel</h3><table class="result"><tr><th>Messages</th></tr><tr><td><div class="messages">Completed executing following method : FooterValuesAndBarcodeValidationTest.checkValidateAccountVisibilityInUserLevel<br/>Test Method resides in com.focus.testcases.FooterValuesAndBarcodeValidationTest<br/>Test Status: Pass<br/>About to begin executing following method : BaseEngine.afterMethodExecution</div></td></tr></table><p class="totop"><a href="#summary">back to summary</a></p><h3 id="m69">com.focus.testcases.FooterValuesAndBarcodeValidationTest#checkValidateEnabledRightsInProfileInUserLevel</h3><table class="result"><tr><th>Messages</th></tr><tr><td><div class="messages">Completed executing following method : FooterValuesAndBarcodeValidationTest.checkValidateEnabledRightsInProfileInUserLevel<br/>Test Method resides in com.focus.testcases.FooterValuesAndBarcodeValidationTest<br/>Test Status: Pass<br/>About to begin executing following method : BaseEngine.afterMethodExecution</div></td></tr></table><p class="totop"><a href="#summary">back to summary</a></p><h3 id="m70">com.focus.testcases.FooterValuesAndBarcodeValidationTest#checkValidateStockLedgerReportRestrictionInUserLevel</h3><table class="result"><tr><th>Messages</th></tr><tr><td><div class="messages">Completed executing following method : FooterValuesAndBarcodeValidationTest.checkValidateStockLedgerReportRestrictionInUserLevel<br/>Test Method resides in com.focus.testcases.FooterValuesAndBarcodeValidationTest<br/>Test Status: Pass<br/>About to begin executing following method : BaseEngine.afterMethodExecution</div></td></tr></table><p class="totop"><a href="#summary">back to summary</a></p><h3 id="m71">com.focus.testcases.FooterValuesAndBarcodeValidationTest#checkVoucherSavedBySUIsVisibleInTestUser</h3><table class="result"><tr><th>Messages</th></tr><tr><td><div class="messages">Completed executing following method : FooterValuesAndBarcodeValidationTest.checkVoucherSavedBySUIsVisibleInTestUser<br/>Test Method resides in com.focus.testcases.FooterValuesAndBarcodeValidationTest<br/>Test Status: Pass<br/>About to begin executing following method : BaseEngine.afterMethodExecution</div></td></tr></table><p class="totop"><a href="#summary">back to summary</a></p><h3 id="m72">com.focus.testcases.FooterValuesAndBarcodeValidationTest#checksaveDefinitionWithoutSelectingFields</h3><table class="result"><tr><th>Messages</th></tr><tr><td><div class="messages">Completed executing following method : FooterValuesAndBarcodeValidationTest.checksaveDefinitionWithoutSelectingFields<br/>Test Method resides in com.focus.testcases.FooterValuesAndBarcodeValidationTest<br/>Test Status: Pass<br/>About to begin executing following method : BaseEngine.afterMethodExecution</div></td></tr></table><p class="totop"><a href="#summary">back to summary</a></p><h3 id="m73">com.focus.testcases.URLBrowserTest#checkLoginPageTitleByURLInputInBrowser</h3><table class="result"><tr><th>Messages</th></tr><tr><td><div class="messages">Completed executing following method : URLBrowserTest.checkLoginPageTitleByURLInputInBrowser<br/>Test Method resides in com.focus.testcases.URLBrowserTest<br/>Test Status: Pass<br/>About to begin executing following method : BaseEngine.afterMethodExecution</div></td></tr></table><p class="totop"><a href="#summary">back to summary</a></p><h3 id="m74">com.focus.testcases.URLBrowserTest#verifyBrowserOpen</h3><table class="result"><tr><th>Messages</th></tr><tr><td><div class="messages">Completed executing following method : URLBrowserTest.verifyBrowserOpen<br/>Test Method resides in com.focus.testcases.URLBrowserTest<br/>Test Status: Pass<br/>About to begin executing following method : BaseEngine.afterMethodExecution</div></td></tr></table><p class="totop"><a href="#summary">back to summary</a></p></body></html>