<?xml version="1.0" encoding="UTF-8"?>
<!-- Generated by org.testng.reporters.JUnitReportReporter -->
<testsuite hostname="FOCUS-QA-118" name="com.focus.testcases.FooterValuesAndBarcodeValidationTest" tests="73" failures="5" timestamp="29 Dec 2022 06:36:17 GMT" time="3546.468" errors="1">
  <testcase name="checksaveDefinitionWithoutSelectingFields" time="3.067" classname="com.focus.testcases.FooterValuesAndBarcodeValidationTest"/>
  <testcase name="checkSaveBarcodeDefinitionWithoutTemplateName" time="2.763" classname="com.focus.testcases.FooterValuesAndBarcodeValidationTest"/>
  <testcase name="checkSavePurchaseVoucherVAT" time="69.998" classname="com.focus.testcases.FooterValuesAndBarcodeValidationTest"/>
  <testcase name="checkStockLedgerIconsInUserLevelandValidateAnalyzeReport" time="6.385" classname="com.focus.testcases.FooterValuesAndBarcodeValidationTest">
    <failure type="java.lang.AssertionError" message="expected [true] but found [false]">
      <![CDATA[java.lang.AssertionError: expected [true] but found [false]
	at org.testng.Assert.fail(Assert.java:94)
	at org.testng.Assert.failNotEquals(Assert.java:513)
	at org.testng.Assert.assertEqualsImpl(Assert.java:135)
	at org.testng.Assert.assertEquals(Assert.java:116)
	at org.testng.Assert.assertEquals(Assert.java:305)
	at org.testng.Assert.assertEquals(Assert.java:315)
	at com.focus.testcases.FooterValuesAndBarcodeValidationTest.checkStockLedgerIconsInUserLevelandValidateAnalyzeReport(FooterValuesAndBarcodeValidationTest.java:480)
	at sun.reflect.NativeMethodAccessorImpl.invoke0(Native Method)
	at sun.reflect.NativeMethodAccessorImpl.invoke(Unknown Source)
	at sun.reflect.DelegatingMethodAccessorImpl.invoke(Unknown Source)
	at java.lang.reflect.Method.invoke(Unknown Source)
	at org.testng.internal.MethodInvocationHelper.invokeMethod(MethodInvocationHelper.java:86)
	at org.testng.internal.Invoker.invokeMethod(Invoker.java:643)
	at org.testng.internal.Invoker.invokeTestMethod(Invoker.java:820)
	at org.testng.internal.Invoker.invokeTestMethods(Invoker.java:1128)
	at org.testng.internal.TestMethodWorker.invokeTestMethods(TestMethodWorker.java:129)
	at org.testng.internal.TestMethodWorker.run(TestMethodWorker.java:112)
	at org.testng.TestRunner.privateRun(TestRunner.java:782)
	at org.testng.TestRunner.run(TestRunner.java:632)
	at org.testng.SuiteRunner.runTest(SuiteRunner.java:366)
	at org.testng.SuiteRunner.runSequentially(SuiteRunner.java:361)
	at org.testng.SuiteRunner.privateRun(SuiteRunner.java:319)
	at org.testng.SuiteRunner.run(SuiteRunner.java:268)
	at org.testng.SuiteRunnerWorker.runSuite(SuiteRunnerWorker.java:52)
	at org.testng.SuiteRunnerWorker.run(SuiteRunnerWorker.java:86)
	at org.testng.TestNG.runSuitesSequentially(TestNG.java:1244)
	at org.testng.TestNG.runSuitesLocally(TestNG.java:1169)
	at org.testng.TestNG.run(TestNG.java:1064)
	at org.testng.remote.AbstractRemoteTestNG.run(AbstractRemoteTestNG.java:114)
	at org.testng.remote.RemoteTestNG.initAndRun(RemoteTestNG.java:251)
	at org.testng.remote.RemoteTestNG.main(RemoteTestNG.java:77)
]]>
    </failure>
  </testcase> <!-- checkStockLedgerIconsInUserLevelandValidateAnalyzeReport -->
  <testcase name="checkLogoutAndLoginWithSU" time="23.143" classname="com.focus.testcases.FooterValuesAndBarcodeValidationTest"/>
  <testcase name="checkEnableRestOfTheRightsInStockLedger" time="46.762" classname="com.focus.testcases.FooterValuesAndBarcodeValidationTest"/>
  <testcase name="checkSaveExcessInStocksInUserLevel" time="54.020" classname="com.focus.testcases.FooterValuesAndBarcodeValidationTest"/>
  <testcase name="checkFieldPostToAccountInPurchaseVouchers" time="49.512" classname="com.focus.testcases.FooterValuesAndBarcodeValidationTest"/>
  <testcase name="checkSaveAccountAfterAccessingRights" time="9.955" classname="com.focus.testcases.FooterValuesAndBarcodeValidationTest"/>
  <testcase name="checkGiveAccessandShowHomePageAccessToAccountInTestRestrictionProfile" time="65.748" classname="com.focus.testcases.FooterValuesAndBarcodeValidationTest"/>
  <testcase name="checkCreateProfileWithHomeFinancialsReportRestrictions" time="61.024" classname="com.focus.testcases.FooterValuesAndBarcodeValidationTest"/>
  <testcase name="checkFilterOptionInStockLedger" time="31.849" classname="com.focus.testcases.FooterValuesAndBarcodeValidationTest"/>
  <testcase name="checKValidatePurchaseVoucherVATRestrictionInUserLevel" time="18.695" classname="com.focus.testcases.FooterValuesAndBarcodeValidationTest"/>
  <testcase name="checkEditingSavedSalesNewVoucherWithIgstValueDeduction" time="209.623" classname="com.focus.testcases.FooterValuesAndBarcodeValidationTest"/>
  <testcase name="checkSaveSalesInvoiceNewVoucherWithDecimalValueRates" time="202.593" classname="com.focus.testcases.FooterValuesAndBarcodeValidationTest"/>
  <testcase name="checkPrintBarcodePrintingWithItemSelection" time="29.251" classname="com.focus.testcases.FooterValuesAndBarcodeValidationTest">
    <failure type="java.lang.AssertionError" message="expected [true] but found [false]">
      <![CDATA[java.lang.AssertionError: expected [true] but found [false]
	at org.testng.Assert.fail(Assert.java:94)
	at org.testng.Assert.failNotEquals(Assert.java:513)
	at org.testng.Assert.assertEqualsImpl(Assert.java:135)
	at org.testng.Assert.assertEquals(Assert.java:116)
	at org.testng.Assert.assertEquals(Assert.java:305)
	at org.testng.Assert.assertEquals(Assert.java:315)
	at com.focus.testcases.FooterValuesAndBarcodeValidationTest.checkPrintBarcodePrintingWithItemSelection(FooterValuesAndBarcodeValidationTest.java:187)
	at sun.reflect.NativeMethodAccessorImpl.invoke0(Native Method)
	at sun.reflect.NativeMethodAccessorImpl.invoke(Unknown Source)
	at sun.reflect.DelegatingMethodAccessorImpl.invoke(Unknown Source)
	at java.lang.reflect.Method.invoke(Unknown Source)
	at org.testng.internal.MethodInvocationHelper.invokeMethod(MethodInvocationHelper.java:86)
	at org.testng.internal.Invoker.invokeMethod(Invoker.java:643)
	at org.testng.internal.Invoker.invokeTestMethod(Invoker.java:820)
	at org.testng.internal.Invoker.invokeTestMethods(Invoker.java:1128)
	at org.testng.internal.TestMethodWorker.invokeTestMethods(TestMethodWorker.java:129)
	at org.testng.internal.TestMethodWorker.run(TestMethodWorker.java:112)
	at org.testng.TestRunner.privateRun(TestRunner.java:782)
	at org.testng.TestRunner.run(TestRunner.java:632)
	at org.testng.SuiteRunner.runTest(SuiteRunner.java:366)
	at org.testng.SuiteRunner.runSequentially(SuiteRunner.java:361)
	at org.testng.SuiteRunner.privateRun(SuiteRunner.java:319)
	at org.testng.SuiteRunner.run(SuiteRunner.java:268)
	at org.testng.SuiteRunnerWorker.runSuite(SuiteRunnerWorker.java:52)
	at org.testng.SuiteRunnerWorker.run(SuiteRunnerWorker.java:86)
	at org.testng.TestNG.runSuitesSequentially(TestNG.java:1244)
	at org.testng.TestNG.runSuitesLocally(TestNG.java:1169)
	at org.testng.TestNG.run(TestNG.java:1064)
	at org.testng.remote.AbstractRemoteTestNG.run(AbstractRemoteTestNG.java:114)
	at org.testng.remote.RemoteTestNG.initAndRun(RemoteTestNG.java:251)
	at org.testng.remote.RemoteTestNG.main(RemoteTestNG.java:77)
]]>
    </failure>
  </testcase> <!-- checkPrintBarcodePrintingWithItemSelection -->
  <testcase name="checkEnableAllAccessightsInAccountForTestRestrictionProfile" time="43.319" classname="com.focus.testcases.FooterValuesAndBarcodeValidationTest"/>
  <testcase name="checkSettingsBtnDeleteBtnnUserLevel" time="25.228" classname="com.focus.testcases.FooterValuesAndBarcodeValidationTest"/>
  <testcase name="checkValidateStockLedgerReportRestrictionInUserLevel" time="6.495" classname="com.focus.testcases.FooterValuesAndBarcodeValidationTest"/>
  <testcase name="checkLogoutAndLoginWithSUForAccessRights" time="25.149" classname="com.focus.testcases.FooterValuesAndBarcodeValidationTest"/>
  <testcase name="checkSaveBarcodeVoucherWithBatchItem" time="116.753" classname="com.focus.testcases.FooterValuesAndBarcodeValidationTest"/>
  <testcase name="checkDefinedStandardRateForSTDItem" time="23.812" classname="com.focus.testcases.FooterValuesAndBarcodeValidationTest"/>
  <testcase name="checkSavedProfileWithUnselectedRestrictions" time="60.378" classname="com.focus.testcases.FooterValuesAndBarcodeValidationTest"/>
  <testcase name="checkSavedPurchaseVoucherVATForCopyPastePostingDetailsSettingsDeleteDoc" time="20.642" classname="com.focus.testcases.FooterValuesAndBarcodeValidationTest"/>
  <testcase name="checkValidateAccountAccessInUserLevel" time="82.141" classname="com.focus.testcases.FooterValuesAndBarcodeValidationTest"/>
  <testcase name="checkLogoutAndLogoutWithCrestedUserAfterGivingPermissionsForProfile" time="21.878" classname="com.focus.testcases.FooterValuesAndBarcodeValidationTest"/>
  <testcase name="checkPrintOptionInUserLevel" time="19.824" classname="com.focus.testcases.FooterValuesAndBarcodeValidationTest"/>
  <testcase name="checkStockLedgerVisibilityInReports" time="1.215" classname="com.focus.testcases.FooterValuesAndBarcodeValidationTest">
    <failure type="java.lang.AssertionError" message="expected [true] but found [false]">
      <![CDATA[java.lang.AssertionError: expected [true] but found [false]
	at org.testng.Assert.fail(Assert.java:94)
	at org.testng.Assert.failNotEquals(Assert.java:513)
	at org.testng.Assert.assertEqualsImpl(Assert.java:135)
	at org.testng.Assert.assertEquals(Assert.java:116)
	at org.testng.Assert.assertEquals(Assert.java:305)
	at org.testng.Assert.assertEquals(Assert.java:315)
	at com.focus.testcases.FooterValuesAndBarcodeValidationTest.checkStockLedgerVisibilityInReports(FooterValuesAndBarcodeValidationTest.java:256)
	at sun.reflect.NativeMethodAccessorImpl.invoke0(Native Method)
	at sun.reflect.NativeMethodAccessorImpl.invoke(Unknown Source)
	at sun.reflect.DelegatingMethodAccessorImpl.invoke(Unknown Source)
	at java.lang.reflect.Method.invoke(Unknown Source)
	at org.testng.internal.MethodInvocationHelper.invokeMethod(MethodInvocationHelper.java:86)
	at org.testng.internal.Invoker.invokeMethod(Invoker.java:643)
	at org.testng.internal.Invoker.invokeTestMethod(Invoker.java:820)
	at org.testng.internal.Invoker.invokeTestMethods(Invoker.java:1128)
	at org.testng.internal.TestMethodWorker.invokeTestMethods(TestMethodWorker.java:129)
	at org.testng.internal.TestMethodWorker.run(TestMethodWorker.java:112)
	at org.testng.TestRunner.privateRun(TestRunner.java:782)
	at org.testng.TestRunner.run(TestRunner.java:632)
	at org.testng.SuiteRunner.runTest(SuiteRunner.java:366)
	at org.testng.SuiteRunner.runSequentially(SuiteRunner.java:361)
	at org.testng.SuiteRunner.privateRun(SuiteRunner.java:319)
	at org.testng.SuiteRunner.run(SuiteRunner.java:268)
	at org.testng.SuiteRunnerWorker.runSuite(SuiteRunnerWorker.java:52)
	at org.testng.SuiteRunnerWorker.run(SuiteRunnerWorker.java:86)
	at org.testng.TestNG.runSuitesSequentially(TestNG.java:1244)
	at org.testng.TestNG.runSuitesLocally(TestNG.java:1169)
	at org.testng.TestNG.run(TestNG.java:1064)
	at org.testng.remote.AbstractRemoteTestNG.run(AbstractRemoteTestNG.java:114)
	at org.testng.remote.RemoteTestNG.initAndRun(RemoteTestNG.java:251)
	at org.testng.remote.RemoteTestNG.main(RemoteTestNG.java:77)
]]>
    </failure>
  </testcase> <!-- checkStockLedgerVisibilityInReports -->
  <testcase name="checkEnableRestOfTheAccessRightInPvVAT" time="62.625" classname="com.focus.testcases.FooterValuesAndBarcodeValidationTest"/>
  <testcase name="checkStockLedgerAfterAccessingRights" time="12.959" classname="com.focus.testcases.FooterValuesAndBarcodeValidationTest"/>
  <testcase name="checkVoucherSavedBySUIsVisibleInTestUser" time="13.267" classname="com.focus.testcases.FooterValuesAndBarcodeValidationTest"/>
  <testcase name="checkPrintBarcodePrintingWithManualQuantityPick" time="28.000" classname="com.focus.testcases.FooterValuesAndBarcodeValidationTest"/>
  <testcase name="checkPrintBarcodePopupFields" time="12.004" classname="com.focus.testcases.FooterValuesAndBarcodeValidationTest">
    <failure type="java.lang.AssertionError" message="expected [true] but found [false]">
      <![CDATA[java.lang.AssertionError: expected [true] but found [false]
	at org.testng.Assert.fail(Assert.java:94)
	at org.testng.Assert.failNotEquals(Assert.java:513)
	at org.testng.Assert.assertEqualsImpl(Assert.java:135)
	at org.testng.Assert.assertEquals(Assert.java:116)
	at org.testng.Assert.assertEquals(Assert.java:305)
	at org.testng.Assert.assertEquals(Assert.java:315)
	at com.focus.testcases.FooterValuesAndBarcodeValidationTest.checkPrintBarcodePopupFields(FooterValuesAndBarcodeValidationTest.java:166)
	at sun.reflect.NativeMethodAccessorImpl.invoke0(Native Method)
	at sun.reflect.NativeMethodAccessorImpl.invoke(Unknown Source)
	at sun.reflect.DelegatingMethodAccessorImpl.invoke(Unknown Source)
	at java.lang.reflect.Method.invoke(Unknown Source)
	at org.testng.internal.MethodInvocationHelper.invokeMethod(MethodInvocationHelper.java:86)
	at org.testng.internal.Invoker.invokeMethod(Invoker.java:643)
	at org.testng.internal.Invoker.invokeTestMethod(Invoker.java:820)
	at org.testng.internal.Invoker.invokeTestMethods(Invoker.java:1128)
	at org.testng.internal.TestMethodWorker.invokeTestMethods(TestMethodWorker.java:129)
	at org.testng.internal.TestMethodWorker.run(TestMethodWorker.java:112)
	at org.testng.TestRunner.privateRun(TestRunner.java:782)
	at org.testng.TestRunner.run(TestRunner.java:632)
	at org.testng.SuiteRunner.runTest(SuiteRunner.java:366)
	at org.testng.SuiteRunner.runSequentially(SuiteRunner.java:361)
	at org.testng.SuiteRunner.privateRun(SuiteRunner.java:319)
	at org.testng.SuiteRunner.run(SuiteRunner.java:268)
	at org.testng.SuiteRunnerWorker.runSuite(SuiteRunnerWorker.java:52)
	at org.testng.SuiteRunnerWorker.run(SuiteRunnerWorker.java:86)
	at org.testng.TestNG.runSuitesSequentially(TestNG.java:1244)
	at org.testng.TestNG.runSuitesLocally(TestNG.java:1169)
	at org.testng.TestNG.run(TestNG.java:1064)
	at org.testng.remote.AbstractRemoteTestNG.run(AbstractRemoteTestNG.java:114)
	at org.testng.remote.RemoteTestNG.initAndRun(RemoteTestNG.java:251)
	at org.testng.remote.RemoteTestNG.main(RemoteTestNG.java:77)
]]>
    </failure>
  </testcase> <!-- checkPrintBarcodePopupFields -->
  <testcase name="checkEditingSavedSalesNewVoucherByAddingRow2" time="128.572" classname="com.focus.testcases.FooterValuesAndBarcodeValidationTest"/>
  <testcase name="checkSavingSalesInvoiceNewVoucherWithRow1InBodyGrid" time="149.043" classname="com.focus.testcases.FooterValuesAndBarcodeValidationTest"/>
  <testcase name="checkLogoutAndLogoutWithCreatedUserForValidations" time="21.835" classname="com.focus.testcases.FooterValuesAndBarcodeValidationTest"/>
  <testcase name="checkMenuSelectedInProfileAreReflectingInUserLevel" time="2.444" classname="com.focus.testcases.FooterValuesAndBarcodeValidationTest"/>
  <testcase name="checkEnableStockLedgerAccessRightsForAccessingReports" time="41.755" classname="com.focus.testcases.FooterValuesAndBarcodeValidationTest"/>
  <testcase name="checkLogoutAndLogoutWithCrestedUser" time="43.662" classname="com.focus.testcases.FooterValuesAndBarcodeValidationTest"/>
  <testcase name="checkAnalyzeStockLedgerInUserLevel" time="64.925" classname="com.focus.testcases.FooterValuesAndBarcodeValidationTest"/>
  <testcase name="checkValidateEnabledRightsInProfileInUserLevel" time="34.666" classname="com.focus.testcases.FooterValuesAndBarcodeValidationTest"/>
  <testcase name="checkSaveBarcodeDefinitionWithAllInputs" time="70.844" classname="com.focus.testcases.FooterValuesAndBarcodeValidationTest"/>
  <testcase name="checkUserCreationForCreatedRoleForRestrictions" time="17.260" classname="com.focus.testcases.FooterValuesAndBarcodeValidationTest"/>
  <testcase name="checkSavePrintLayoutAndPrintOptionInOutputOptions" time="157.728" classname="com.focus.testcases.FooterValuesAndBarcodeValidationTest"/>
  <testcase name="checkPrintBarcodeIntoPDFandValidatePDF" time="13.800" classname="com.focus.testcases.FooterValuesAndBarcodeValidationTest">
    <error type="java.lang.IndexOutOfBoundsException" message="Index: 1, Size: 1">
      <![CDATA[java.lang.IndexOutOfBoundsException: Index: 1, Size: 1
	at java.util.ArrayList.rangeCheck(Unknown Source)
	at java.util.ArrayList.get(Unknown Source)
	at com.focus.Pages.VoucherPrintOptionsPage.checkPrintBarcodeIntoPDFandValidatePDF(VoucherPrintOptionsPage.java:36013)
	at com.focus.testcases.FooterValuesAndBarcodeValidationTest.checkPrintBarcodeIntoPDFandValidatePDF(FooterValuesAndBarcodeValidationTest.java:173)
	at sun.reflect.NativeMethodAccessorImpl.invoke0(Native Method)
	at sun.reflect.NativeMethodAccessorImpl.invoke(Unknown Source)
	at sun.reflect.DelegatingMethodAccessorImpl.invoke(Unknown Source)
	at java.lang.reflect.Method.invoke(Unknown Source)
	at org.testng.internal.MethodInvocationHelper.invokeMethod(MethodInvocationHelper.java:86)
	at org.testng.internal.Invoker.invokeMethod(Invoker.java:643)
	at org.testng.internal.Invoker.invokeTestMethod(Invoker.java:820)
	at org.testng.internal.Invoker.invokeTestMethods(Invoker.java:1128)
	at org.testng.internal.TestMethodWorker.invokeTestMethods(TestMethodWorker.java:129)
	at org.testng.internal.TestMethodWorker.run(TestMethodWorker.java:112)
	at org.testng.TestRunner.privateRun(TestRunner.java:782)
	at org.testng.TestRunner.run(TestRunner.java:632)
	at org.testng.SuiteRunner.runTest(SuiteRunner.java:366)
	at org.testng.SuiteRunner.runSequentially(SuiteRunner.java:361)
	at org.testng.SuiteRunner.privateRun(SuiteRunner.java:319)
	at org.testng.SuiteRunner.run(SuiteRunner.java:268)
	at org.testng.SuiteRunnerWorker.runSuite(SuiteRunnerWorker.java:52)
	at org.testng.SuiteRunnerWorker.run(SuiteRunnerWorker.java:86)
	at org.testng.TestNG.runSuitesSequentially(TestNG.java:1244)
	at org.testng.TestNG.runSuitesLocally(TestNG.java:1169)
	at org.testng.TestNG.run(TestNG.java:1064)
	at org.testng.remote.AbstractRemoteTestNG.run(AbstractRemoteTestNG.java:114)
	at org.testng.remote.RemoteTestNG.initAndRun(RemoteTestNG.java:251)
	at org.testng.remote.RemoteTestNG.main(RemoteTestNG.java:77)
]]>
    </error>
  </testcase> <!-- checkPrintBarcodeIntoPDFandValidatePDF -->
  <testcase name="CheckCreateUserInSU" time="20.257" classname="com.focus.testcases.FooterValuesAndBarcodeValidationTest"/>
  <testcase name="checkGiveAccessandShowHomePageAccessToStockLedgerInUserLevel" time="59.397" classname="com.focus.testcases.FooterValuesAndBarcodeValidationTest"/>
  <testcase name="checkChangeFieldPropertiesInBarcodeLayout" time="82.932" classname="com.focus.testcases.FooterValuesAndBarcodeValidationTest"/>
  <testcase name="checkValidateAccountVisibilityInUserLevel" time="2.644" classname="com.focus.testcases.FooterValuesAndBarcodeValidationTest"/>
  <testcase name="checkPurchaseVarianceInPostingDetailsForSTDItem" time="80.729" classname="com.focus.testcases.FooterValuesAndBarcodeValidationTest"/>
  <testcase name="checkPrintInExcessStocksInUserLevel" time="41.000" classname="com.focus.testcases.FooterValuesAndBarcodeValidationTest"/>
  <testcase name="checkCreateLayoutForBarCode" time="206.009" classname="com.focus.testcases.FooterValuesAndBarcodeValidationTest"/>
  <testcase name="checkBarcodeIsbeenScannedInDeliveryNotesVoucher" time="137.248" classname="com.focus.testcases.FooterValuesAndBarcodeValidationTest"/>
  <testcase name="checkGiveAccessandShowHomePageAccessToPVVATInTestRestrictionProfile" time="72.031" classname="com.focus.testcases.FooterValuesAndBarcodeValidationTest"/>
  <testcase name="checkLogin" time="13.635" classname="com.focus.testcases.FooterValuesAndBarcodeValidationTest"/>
  <testcase name="checkLogoutAndLoginWithSUForUserCreation" time="23.819" classname="com.focus.testcases.FooterValuesAndBarcodeValidationTest"/>
  <testcase name="checkCreateNewMRNVoucher" time="44.053" classname="com.focus.testcases.FooterValuesAndBarcodeValidationTest"/>
  <testcase name="checkLoadAnalysisReport" time="11.701" classname="com.focus.testcases.FooterValuesAndBarcodeValidationTest"/>
  <testcase name="checkLogoutAndLogoutWithCrestedUserAfterGivingPermissionsForAccount" time="21.573" classname="com.focus.testcases.FooterValuesAndBarcodeValidationTest"/>
  <testcase name="checkOtherToolsOptionsAccountsMenu" time="6.112" classname="com.focus.testcases.FooterValuesAndBarcodeValidationTest"/>
  <testcase name="checkPurchaseVarianceInPostingDeatilsByGivingExactStandardRate" time="69.674" classname="com.focus.testcases.FooterValuesAndBarcodeValidationTest"/>
  <testcase name="checkAvailableOptionsBarCodeDefinition" time="19.031" classname="com.focus.testcases.FooterValuesAndBarcodeValidationTest"/>
  <testcase name="checkPurchaseVoucherVATVisibilityInPurchasesMenuInUserLevel" time="3.612" classname="com.focus.testcases.FooterValuesAndBarcodeValidationTest"/>
  <testcase name="checkSaveExcessInStocksVoucher" time="59.613" classname="com.focus.testcases.FooterValuesAndBarcodeValidationTest"/>
  <testcase name="checkLogoutAndLoginWithTestUser" time="21.991" classname="com.focus.testcases.FooterValuesAndBarcodeValidationTest"/>
  <testcase name="checkSuspendVoucherandEditSuspendedVoucher" time="35.812" classname="com.focus.testcases.FooterValuesAndBarcodeValidationTest"/>
  <testcase name="checkPrintFromExcessInStockVoucherTransaction" time="68.939" classname="com.focus.testcases.FooterValuesAndBarcodeValidationTest"/>
  <testcase name="checksavePurchaseVouchers" time="101.275" classname="com.focus.testcases.FooterValuesAndBarcodeValidationTest">
    <failure type="java.lang.AssertionError" message="expected [true] but found [false]">
      <![CDATA[java.lang.AssertionError: expected [true] but found [false]
	at org.testng.Assert.fail(Assert.java:94)
	at org.testng.Assert.failNotEquals(Assert.java:513)
	at org.testng.Assert.assertEqualsImpl(Assert.java:135)
	at org.testng.Assert.assertEquals(Assert.java:116)
	at org.testng.Assert.assertEquals(Assert.java:305)
	at org.testng.Assert.assertEquals(Assert.java:315)
	at com.focus.testcases.FooterValuesAndBarcodeValidationTest.checksavePurchaseVouchers(FooterValuesAndBarcodeValidationTest.java:75)
	at sun.reflect.NativeMethodAccessorImpl.invoke0(Native Method)
	at sun.reflect.NativeMethodAccessorImpl.invoke(Unknown Source)
	at sun.reflect.DelegatingMethodAccessorImpl.invoke(Unknown Source)
	at java.lang.reflect.Method.invoke(Unknown Source)
	at org.testng.internal.MethodInvocationHelper.invokeMethod(MethodInvocationHelper.java:86)
	at org.testng.internal.Invoker.invokeMethod(Invoker.java:643)
	at org.testng.internal.Invoker.invokeTestMethod(Invoker.java:820)
	at org.testng.internal.Invoker.invokeTestMethods(Invoker.java:1128)
	at org.testng.internal.TestMethodWorker.invokeTestMethods(TestMethodWorker.java:129)
	at org.testng.internal.TestMethodWorker.run(TestMethodWorker.java:112)
	at org.testng.TestRunner.privateRun(TestRunner.java:782)
	at org.testng.TestRunner.run(TestRunner.java:632)
	at org.testng.SuiteRunner.runTest(SuiteRunner.java:366)
	at org.testng.SuiteRunner.runSequentially(SuiteRunner.java:361)
	at org.testng.SuiteRunner.privateRun(SuiteRunner.java:319)
	at org.testng.SuiteRunner.run(SuiteRunner.java:268)
	at org.testng.SuiteRunnerWorker.runSuite(SuiteRunnerWorker.java:52)
	at org.testng.SuiteRunnerWorker.run(SuiteRunnerWorker.java:86)
	at org.testng.TestNG.runSuitesSequentially(TestNG.java:1244)
	at org.testng.TestNG.runSuitesLocally(TestNG.java:1169)
	at org.testng.TestNG.run(TestNG.java:1064)
	at org.testng.remote.AbstractRemoteTestNG.run(AbstractRemoteTestNG.java:114)
	at org.testng.remote.RemoteTestNG.initAndRun(RemoteTestNG.java:251)
	at org.testng.remote.RemoteTestNG.main(RemoteTestNG.java:77)
]]>
    </failure>
  </testcase> <!-- checksavePurchaseVouchers -->
  <testcase name="checkSaveRoleWithCreatedProfileForRestrictions" time="22.162" classname="com.focus.testcases.FooterValuesAndBarcodeValidationTest"/>
  <testcase name="checkEnablePurchaseVoucherVatAccessRightsForSavingVoucher" time="46.854" classname="com.focus.testcases.FooterValuesAndBarcodeValidationTest"/>
  <testcase name="checkLogoutAndLoginWithSUForAccessRightsInPVVAT" time="25.664" classname="com.focus.testcases.FooterValuesAndBarcodeValidationTest"/>
  <testcase name="checkPostingDetailsAndCopyToClipBoardOptionsInPVVAT" time="37.819" classname="com.focus.testcases.FooterValuesAndBarcodeValidationTest"/>
  <testcase name="checkToolsOptionsAccountsMenu" time="4.271" classname="com.focus.testcases.FooterValuesAndBarcodeValidationTest"/>
</testsuite> <!-- com.focus.testcases.FooterValuesAndBarcodeValidationTest -->
